This is pdfTeX, Version 3.14159265-2.6-1.40.19 (MiKTeX 2.9.6800 64-bit) (preloaded format=pdflatex 2018.9.24)  7 JUN 2019 02:34
entering extended mode
**./tese.tex
(tese.tex
LaTeX2e <2018-04-01> patch level 5
(ita.cls
! Undefined control sequence.
\GenericError  ...                                
                                                    #4  \errhelp \@err@     ...
l.41 ....0 Classe de documento com padrões do ITA]
                                                  
The control sequence at the end of the top line
of your error message was never \def'ed. If you have
misspelled it (e.g., `\hobx'), type `I' and the correct
spelling (e.g., `I\hbox'). Otherwise just continue,
and I'll forget about whatever was undefined.

! Undefined control sequence.
\GenericError  ...                                
                                                  \let \@err@               ...
l.41 ....0 Classe de documento com padrões do ITA]
                                                  
The control sequence at the end of the top line
of your error message was never \def'ed. If you have
misspelled it (e.g., `\hobx'), type `I' and the correct
spelling (e.g., `I\hbox'). Otherwise just continue,
and I'll forget about whatever was undefined.

! Undefined control sequence.
\GenericError  ...                                
                                                  \@empty \def \MessageBreak...
l.41 ....0 Classe de documento com padrões do ITA]
                                                  
The control sequence at the end of the top line
of your error message was never \def'ed. If you have
misspelled it (e.g., `\hobx'), type `I' and the correct
spelling (e.g., `I\hbox'). Otherwise just continue,
and I'll forget about whatever was undefined.

! Undefined control sequence.
\GenericError  ...                                
                                                     \endgroup 
l.41 ....0 Classe de documento com padrões do ITA]
                                                  
The control sequence at the end of the top line
of your error message was never \def'ed. If you have
misspelled it (e.g., `\hobx'), type `I' and the correct
spelling (e.g., `I\hbox'). Otherwise just continue,
and I'll forget about whatever was undefined.

Document Class: ita 2006/03/10 v2.0 Classe de documento com padr\GenericError {
(inputenc)                }{Package inputenc Error: Invalid UTF-8 byte 245}{See
 the inputenc package documentation for explanation.}{The document does not app
ear to be in UTF-8 encoding.\MessageBreak Try adding \UseRawInputEncoding as th
e first line of the file\MessageBreak or specify an encoding such as \usepackag
e [latin1]{inputenc}\MessageBreak in the document preamble.\MessageBreak Altern
atively, save the file in UTF-8 using your editor or another tool}es do ITA

("C:\Users\User\AppData\Local\Programs\MiKTeX 2.9\tex\generic\oberdiek\ifpdf.st
y"
Package: ifpdf 2018/09/07 v3.3 Provides the ifpdf switch
) (defaults.def) (mscfem.def)
("C:\Users\User\AppData\Local\Programs\MiKTeX 2.9\tex\latex\base\book.cls"
Document Class: book 2014/09/29 v1.4h Standard LaTeX document class
("C:\Users\User\AppData\Local\Programs\MiKTeX 2.9\tex\latex\base\bk12.clo"
File: bk12.clo 2014/09/29 v1.4h Standard LaTeX file (size option)
)
\c@part=\count80
\c@chapter=\count81
\c@section=\count82
\c@subsection=\count83
\c@subsubsection=\count84
\c@paragraph=\count85
\c@subparagraph=\count86
\c@figure=\count87
\c@table=\count88
\abovecaptionskip=\skip41
\belowcaptionskip=\skip42
\bibindent=\dimen102
)
("C:\Users\User\AppData\Local\Programs\MiKTeX 2.9\tex\latex\tools\calc.sty"
Package: calc 2017/05/25 v4.3 Infix arithmetic (KKT,FJ)
\calc@Acount=\count89
\calc@Bcount=\count90
\calc@Adimen=\dimen103
\calc@Bdimen=\dimen104
\calc@Askip=\skip43
\calc@Bskip=\skip44
LaTeX Info: Redefining \setlength on input line 80.
LaTeX Info: Redefining \addtolength on input line 81.
\calc@Ccount=\count91
\calc@Cskip=\skip45
)
("C:\Users\User\AppData\Local\Programs\MiKTeX 2.9\tex\latex\base\ifthen.sty"
Package: ifthen 2014/09/29 v1.1c Standard LaTeX ifthen package (DPC)
)
("C:\Users\User\AppData\Local\Programs\MiKTeX 2.9\tex\generic\babel\babel.sty"
Package: babel 2018/09/02 3.23 The Babel package

("C:\Users\User\AppData\Local\Programs\MiKTeX 2.9\tex\generic\babel\switch.def"
File: switch.def 2018/09/02 3.23 Babel switching mechanism
)
*************************************
* Local config file bblopts.cfg used
*
("C:\Users\User\AppData\Local\Programs\MiKTeX 2.9\tex\latex\arabi\bblopts.cfg"
File: bblopts.cfg 2005/09/08 v0.1 add Arabic and Farsi to "declared" options of
 babel
)
("C:\Users\User\AppData\Local\Programs\MiKTeX 2.9\tex\latex\babel-english\engli
sh.ldf"
Language: english 2017/06/06 v3.3r English support from the babel system

("C:\Users\User\AppData\Local\Programs\MiKTeX 2.9\tex\generic\babel\babel.def"
File: babel.def 2018/09/02 3.23 Babel common definitions
\babel@savecnt=\count92
\U@D=\dimen105

("C:\Users\User\AppData\Local\Programs\MiKTeX 2.9\tex\generic\babel\txtbabel.de
f")
\bbl@dirlevel=\count93
)
\l@canadian = a dialect from \language\l@american 
\l@australian = a dialect from \language\l@british 
\l@newzealand = a dialect from \language\l@british 
)
("C:\Users\User\AppData\Local\Programs\MiKTeX 2.9\tex\latex\babel-portuges\port
uges.ldf"
Language: portuges 2008/03/18 v1.2q Portuguese support from the babel system
Package babel Info: Making " an active character on input line 145.
)
("C:\Users\User\AppData\Local\Programs\MiKTeX 2.9\tex\latex\babel-portuges\port
uges.ldf"
Language: portuges 2008/03/18 v1.2q Portuguese support from the babel system
\l@brazil = a dialect from \language\l@portuges 
)) (itabr.babel)
("C:\Users\User\AppData\Local\Programs\MiKTeX 2.9\tex\latex\base\inputenc.sty"
Package: inputenc 2018/04/06 v1.3b Input encoding file
\inpenc@prehook=\toks14
\inpenc@posthook=\toks15

("C:\Users\User\AppData\Local\Programs\MiKTeX 2.9\tex\latex\base\latin1.def"
File: latin1.def 2018/04/06 v1.3b Input encoding file
))
("C:\Users\User\AppData\Local\Programs\MiKTeX 2.9\tex\latex\setspace\setspace.s
ty"
Package: setspace 2011/12/19 v6.7a set line spacing
)
("C:\Users\User\AppData\Local\Programs\MiKTeX 2.9\tex\latex\fancyhdr\fancyhdr.s
ty"
Package: fancyhdr 2017/06/30 v3.9a Extensive control of page headers and footer
s
\f@nch@headwidth=\skip46
\f@nch@O@elh=\skip47
\f@nch@O@erh=\skip48
\f@nch@O@olh=\skip49
\f@nch@O@orh=\skip50
\f@nch@O@elf=\skip51
\f@nch@O@erf=\skip52
\f@nch@O@olf=\skip53
\f@nch@O@orf=\skip54
)
("C:\Users\User\AppData\Local\Programs\MiKTeX 2.9\tex\latex\amsfonts\amsfonts.s
ty"
Package: amsfonts 2013/01/14 v3.01 Basic AMSFonts support
\@emptytoks=\toks16
\symAMSa=\mathgroup4
\symAMSb=\mathgroup5
LaTeX Font Info:    Overwriting math alphabet `\mathfrak' in version `bold'
(Font)                  U/euf/m/n --> U/euf/b/n on input line 106.
)
("C:\Users\User\AppData\Local\Programs\MiKTeX 2.9\tex\latex\lastpage\lastpage.s
ty"
Package: lastpage 2015/03/29 v1.2m Refers to last page's name (HMM; JPG)
)
("C:\Users\User\AppData\Local\Programs\MiKTeX 2.9\tex\latex\tools\indentfirst.s
ty"
Package: indentfirst 1995/11/23 v1.03 Indent first paragraph (DPC)
)
("C:\Users\User\AppData\Local\Programs\MiKTeX 2.9\tex\latex\caption\caption.sty
"
Package: caption 2018/10/06 v3.3-154 Customizing captions (AR)

("C:\Users\User\AppData\Local\Programs\MiKTeX 2.9\tex\latex\caption\caption3.st
y"
Package: caption3 2018/09/12 v1.8c caption3 kernel (AR)
Package caption3 Info: TeX engine: e-TeX on input line 64.

("C:\Users\User\AppData\Local\Programs\MiKTeX 2.9\tex\latex\graphics\keyval.sty
"
Package: keyval 2014/10/28 v1.15 key=value parser (DPC)
\KV@toks@=\toks17
)
\captionmargin=\dimen106
\captionmargin@=\dimen107
\captionwidth=\dimen108
\caption@tempdima=\dimen109
\caption@indent=\dimen110
\caption@parindent=\dimen111
\caption@hangindent=\dimen112
)
\c@caption@flags=\count94
\c@ContinuedFloat=\count95
)
("C:\Users\User\AppData\Local\Programs\MiKTeX 2.9\tex\latex\tools\longtable.sty
"
Package: longtable 2014/10/28 v4.11 Multi-page Table package (DPC)
\LTleft=\skip55
\LTright=\skip56
\LTpre=\skip57
\LTpost=\skip58
\LTchunksize=\count96
\LTcapwidth=\dimen113
\LT@head=\box26
\LT@firsthead=\box27
\LT@foot=\box28
\LT@lastfoot=\box29
\LT@cols=\count97
\LT@rows=\count98
\c@LT@tables=\count99
\c@LT@chunks=\count100
\LT@p@ftn=\toks18
) ("C:\Users\User\AppData\Local\Programs\MiKTeX 2.9\tex\latex\tools\array.sty"
Package: array 2018/04/30 v2.4h Tabular extension package (FMi)
\col@sep=\dimen114
\ar@mcellbox=\box30
\extrarowheight=\dimen115
\NC@list=\toks19
\extratabsurround=\skip59
\backup@length=\skip60
\ar@cellbox=\box31
) ("C:\Users\User\AppData\Local\Programs\MiKTeX 2.9\tex\latex\tools\tabularx.st
y"
Package: tabularx 2016/02/03 v2.11b `tabularx' package (DPC)
\TX@col@width=\dimen116
\TX@old@table=\dimen117
\TX@old@col=\dimen118
\TX@target=\dimen119
\TX@delta=\dimen120
\TX@cols=\count101
\TX@ftn=\toks20
) (makeglo.sty
Package: makeglo 
\glossentrylen=\skip61
)
("C:\Users\User\AppData\Local\Programs\MiKTeX 2.9\tex\latex\graphics\color.sty"
Package: color 2016/07/10 v1.1e Standard LaTeX Color (DPC)

("C:\Users\User\AppData\Local\Programs\MiKTeX 2.9\tex\latex\graphics-cfg\color.
cfg"
File: color.cfg 2016/01/02 v1.6 sample color configuration
)
Package color Info: Driver file: pdftex.def on input line 147.

("C:\Users\User\AppData\Local\Programs\MiKTeX 2.9\tex\latex\graphics-def\pdftex
.def"
File: pdftex.def 2018/01/08 v1.0l Graphics/color driver for pdftex
))
("C:\Users\User\AppData\Local\Programs\MiKTeX 2.9\tex\latex\hyphenat\hyphenat.s
ty"
Package: hyphenat 2009/09/02 v2.3c hyphenation utilities
\langwohyphens=\language76
LaTeX Info: Redefining \_ on input line 43.
)
("C:\Users\User\AppData\Local\Programs\MiKTeX 2.9\tex\latex\base\makeidx.sty"
Package: makeidx 2014/09/29 v1.0m Standard LaTeX package
)
("C:\Users\User\AppData\Local\Programs\MiKTeX 2.9\tex\latex\hyperref\hyperref.s
ty"
Package: hyperref 2018/02/06 v6.86b Hypertext links for LaTeX

("C:\Users\User\AppData\Local\Programs\MiKTeX 2.9\tex\generic\oberdiek\hobsub-h
yperref.sty"
Package: hobsub-hyperref 2016/05/16 v1.14 Bundle oberdiek, subset hyperref (HO)


("C:\Users\User\AppData\Local\Programs\MiKTeX 2.9\tex\generic\oberdiek\hobsub-g
eneric.sty"
Package: hobsub-generic 2016/05/16 v1.14 Bundle oberdiek, subset generic (HO)
Package: hobsub 2016/05/16 v1.14 Construct package bundles (HO)
Package: infwarerr 2016/05/16 v1.4 Providing info/warning/error messages (HO)
Package: ltxcmds 2016/05/16 v1.23 LaTeX kernel commands for general use (HO)
Package: ifluatex 2016/05/16 v1.4 Provides the ifluatex switch (HO)
Package ifluatex Info: LuaTeX not detected.
Package: ifvtex 2016/05/16 v1.6 Detect VTeX and its facilities (HO)
Package ifvtex Info: VTeX not detected.
Package: intcalc 2016/05/16 v1.2 Expandable calculations with integers (HO)
Package hobsub Info: Skipping package `ifpdf' (already loaded).
Package: etexcmds 2016/05/16 v1.6 Avoid name clashes with e-TeX commands (HO)
Package etexcmds Info: Could not find \expanded.
(etexcmds)             That can mean that you are not using pdfTeX 1.50 or
(etexcmds)             that some package has redefined \expanded.
(etexcmds)             In the latter case, load this package earlier.
Package: kvsetkeys 2016/05/16 v1.17 Key value parser (HO)
Package: kvdefinekeys 2016/05/16 v1.4 Define keys (HO)
Package: pdftexcmds 2018/09/10 v0.29 Utility functions of pdfTeX for LuaTeX (HO
)
Package pdftexcmds Info: LuaTeX not detected.
Package pdftexcmds Info: \pdf@primitive is available.
Package pdftexcmds Info: \pdf@ifprimitive is available.
Package pdftexcmds Info: \pdfdraftmode found.
Package: pdfescape 2016/05/16 v1.14 Implements pdfTeX's escape features (HO)
Package: bigintcalc 2016/05/16 v1.4 Expandable calculations on big integers (HO
)
Package: bitset 2016/05/16 v1.2 Handle bit-vector datatype (HO)
Package: uniquecounter 2016/05/16 v1.3 Provide unlimited unique counter (HO)
)
Package hobsub Info: Skipping package `hobsub' (already loaded).
Package: letltxmacro 2016/05/16 v1.5 Let assignment for LaTeX macros (HO)
Package: hopatch 2016/05/16 v1.3 Wrapper for package hooks (HO)
Package: xcolor-patch 2016/05/16 xcolor patch
Package: atveryend 2016/05/16 v1.9 Hooks at the very end of document (HO)
Package atveryend Info: \enddocument detected (standard20110627).
Package: atbegshi 2016/06/09 v1.18 At begin shipout hook (HO)
Package: refcount 2016/05/16 v3.5 Data extraction from label references (HO)
Package: hycolor 2016/05/16 v1.8 Color options for hyperref/bookmark (HO)
)
("C:\Users\User\AppData\Local\Programs\MiKTeX 2.9\tex\generic\ifxetex\ifxetex.s
ty"
Package: ifxetex 2010/09/12 v0.6 Provides ifxetex conditional
)
("C:\Users\User\AppData\Local\Programs\MiKTeX 2.9\tex\latex\oberdiek\auxhook.st
y"
Package: auxhook 2016/05/16 v1.4 Hooks for auxiliary files (HO)
)
("C:\Users\User\AppData\Local\Programs\MiKTeX 2.9\tex\latex\oberdiek\kvoptions.
sty"
Package: kvoptions 2016/05/16 v3.12 Key value format for package options (HO)
)
\@linkdim=\dimen121
\Hy@linkcounter=\count102
\Hy@pagecounter=\count103

("C:\Users\User\AppData\Local\Programs\MiKTeX 2.9\tex\latex\hyperref\pd1enc.def
"
File: pd1enc.def 2018/02/06 v6.86b Hyperref: PDFDocEncoding definition (HO)
Now handling font encoding PD1 ...
... no UTF-8 mapping file for font encoding PD1
)
\Hy@SavedSpaceFactor=\count104

("C:\Users\User\AppData\Local\Programs\MiKTeX 2.9\tex\latex\00miktex\hyperref.c
fg"
File: hyperref.cfg 2002/06/06 v1.2 hyperref configuration of TeXLive
)
Package hyperref Info: Option `debug' set `true' on input line 4383.


Package hyperref Warning: Option `a4paper' is no longer used.

Package hyperref Info: Option `breaklinks' set `true' on input line 4383.
Package hyperref Info: Option `bookmarksopen' set `true' on input line 4383.
Package hyperref Info: Option `colorlinks' set `true' on input line 4383.
Package hyperref Info: Option `bookmarksnumbered' set `true' on input line 4383
.
Package hyperref Info: Option `hyperindex' set `true' on input line 4383.
Package hyperref Info: Option `verbose' set `true' on input line 4383.
Package hyperref Info: Hyper figures OFF on input line 4509.
Package hyperref Info: Link nesting OFF on input line 4514.
Package hyperref Info: Hyper index ON on input line 4517.
Package hyperref Info: Plain pages OFF on input line 4524.
Package hyperref Info: Backreferencing ON on input line 4527.
Package hyperref Info: Implicit mode ON; LaTeX internals redefined.
Package hyperref Info: Bookmarks ON on input line 4762.

("C:\Users\User\AppData\Local\Programs\MiKTeX 2.9\tex\latex\hyperref\backref.st
y"
Package: backref 2016/05/21 v1.39 Bibliographical back referencing

("C:\Users\User\AppData\Local\Programs\MiKTeX 2.9\tex\latex\oberdiek\rerunfilec
heck.sty"
Package: rerunfilecheck 2016/05/16 v1.8 Rerun checks for auxiliary files (HO)
Package uniquecounter Info: New unique counter `rerunfilecheck' on input line 2
82.
))
\c@Hy@tempcnt=\count105

("C:\Users\User\AppData\Local\Programs\MiKTeX 2.9\tex\latex\url\url.sty"
\Urlmuskip=\muskip10
Package: url 2013/09/16  ver 3.4  Verb mode for urls, etc.
)
LaTeX Info: Redefining \url on input line 5115.
\XeTeXLinkMargin=\dimen122
\Fld@menulength=\count106
\Field@Width=\dimen123
\Fld@charsize=\dimen124
Package hyperref Info: Hyper figures OFF on input line 6369.
Package hyperref Info: Link nesting OFF on input line 6374.
Package hyperref Info: Hyper index ON on input line 6377.
Package hyperref Info: backreferencing ON on input line 6382.
Package hyperref Info: Link coloring ON on input line 6387.
Package hyperref Info: Link coloring with OCG OFF on input line 6394.
Package hyperref Info: PDF/A mode OFF on input line 6399.
LaTeX Info: Redefining \ref on input line 6439.
LaTeX Info: Redefining \pageref on input line 6443.
\Hy@abspage=\count107
\c@Item=\count108
\c@Hfootnote=\count109
)
Package hyperref Info: Driver (autodetected): hpdftex.

("C:\Users\User\AppData\Local\Programs\MiKTeX 2.9\tex\latex\hyperref\hpdftex.de
f"
File: hpdftex.def 2018/02/06 v6.86b Hyperref driver for pdfTeX
\Fld@listcount=\count110
\c@bookmark@seq@number=\count111
\Hy@SectionHShift=\skip62
) ("C:\Users\User\AppData\Local\Programs\MiKTeX 2.9\tex\latex\ae\ae.sty"
Package: ae 2001/02/12 1.3 Almost European Computer Modern

("C:\Users\User\AppData\Local\Programs\MiKTeX 2.9\tex\latex\base\fontenc.sty"
Package: fontenc 2017/04/05 v2.0i Standard LaTeX package

("C:\Users\User\AppData\Local\Programs\MiKTeX 2.9\tex\latex\base\t1enc.def"
File: t1enc.def 2017/04/05 v2.0i Standard LaTeX file
LaTeX Font Info:    Redeclaring font encoding T1 on input line 48.
)
LaTeX Font Info:    Try loading font information for T1+aer on input line 105.

("C:\Users\User\AppData\Local\Programs\MiKTeX 2.9\tex\latex\ae\t1aer.fd"
File: t1aer.fd 1997/11/16 Font definitions for T1/aer.
)))
("C:\Users\User\AppData\Local\Programs\MiKTeX 2.9\tex\latex\graphics\graphicx.s
ty"
Package: graphicx 2017/06/01 v1.1a Enhanced LaTeX Graphics (DPC,SPQR)

("C:\Users\User\AppData\Local\Programs\MiKTeX 2.9\tex\latex\graphics\graphics.s
ty"
Package: graphics 2017/06/25 v1.2c Standard LaTeX Graphics (DPC,SPQR)

("C:\Users\User\AppData\Local\Programs\MiKTeX 2.9\tex\latex\graphics\trig.sty"
Package: trig 2016/01/03 v1.10 sin cos tan (DPC)
)
("C:\Users\User\AppData\Local\Programs\MiKTeX 2.9\tex\latex\graphics-cfg\graphi
cs.cfg"
File: graphics.cfg 2016/06/04 v1.11 sample graphics configuration
)
Package graphics Info: Driver file: pdftex.def on input line 99.
)
\Gin@req@height=\dimen125
\Gin@req@width=\dimen126
)
("C:\Users\User\AppData\Local\Programs\MiKTeX 2.9\tex\latex\geometry\geometry.s
ty"
Package: geometry 2018/04/16 v5.8 Page Geometry
\Gm@cnth=\count112
\Gm@cntv=\count113
\c@Gm@tempcnt=\count114
\Gm@bindingoffset=\dimen127
\Gm@wd@mp=\dimen128
\Gm@odd@mp=\dimen129
\Gm@even@mp=\dimen130
\Gm@layoutwidth=\dimen131
\Gm@layoutheight=\dimen132
\Gm@layouthoffset=\dimen133
\Gm@layoutvoffset=\dimen134
\Gm@dimlist=\toks21

("C:\Users\User\AppData\Local\Programs\MiKTeX 2.9\tex\latex\geometry\geometry.c
fg")) (abntcite.sty (cvs-id.def)
Package: abntcite 2003/10/13 v1.26 Chamadas de referencias no texto (NBR10520)
 (abntex-abrev.sty (cvs-id.def)
Package: abntex-abrev 2003/10/13 v1.3 Abreviacoes

(nbr10522-1988.def (cvs-id.def)
File: nbr10522-1988.def 2003/10/13 v1.2 Abreviacoes bibliograficas (NBR10522:19
88)
) (abntex-abrev-pt_BR.def (cvs-id.def)
File: abntex-abrev-pt_BR.def 2003/10/13 v1.2 definicao de abntex-abrev, traduca
o de termos en_US/pt_BR
))
(nbr10520-2002.def (cvs-id.def)
File: nbr10520-2002.def 2003/10/13 v1.2 Definicoes para abntcite (NBR10520:2002
)
)
\minimumbiblabelwidth=\skip63
\ABCIauxlen=\skip64
\c@ABCIaux=\count115
\c@ABCImax=\count116

("C:\Users\User\AppData\Local\Programs\MiKTeX 2.9\tex\latex\relsize\relsize.sty
"
Package: relsize 2013/03/29 ver 4.1
)
\biblabelsep=\skip65
LaTeX Info: Redefining \newblock on input line 562.
LaTeX Info: Redefining \cite on input line 589.
\ABCItoken=\toks22
)
\c@mecounter=\count117
\c@kwcipcounter=\count118
\nohyphen=\language77
)
("C:\Users\User\AppData\Local\Programs\MiKTeX 2.9\tex\latex\graphics\epsfig.sty
"
Package: epsfig 2017/06/25 v1.7b (e)psfig emulation (SPQR)
\epsfxsize=\dimen135
\epsfysize=\dimen136
)
("C:\Users\User\AppData\Local\Programs\MiKTeX 2.9\tex\latex\amsmath\amsmath.sty
"
Package: amsmath 2017/09/02 v2.17a AMS math features
\@mathmargin=\skip66

For additional information on amsmath, use the `?' option.
("C:\Users\User\AppData\Local\Programs\MiKTeX 2.9\tex\latex\amsmath\amstext.sty
"
Package: amstext 2000/06/29 v2.01 AMS text
 ("C:\Users\User\AppData\Local\Programs\MiKTeX 2.9\tex\latex\amsmath\amsgen.sty
"
File: amsgen.sty 1999/11/30 v2.0 generic functions
\@emptytoks=\toks23
\ex@=\dimen137
))
("C:\Users\User\AppData\Local\Programs\MiKTeX 2.9\tex\latex\amsmath\amsbsy.sty"
Package: amsbsy 1999/11/29 v1.2d Bold Symbols
\pmbraise@=\dimen138
) ("C:\Users\User\AppData\Local\Programs\MiKTeX 2.9\tex\latex\amsmath\amsopn.st
y"
Package: amsopn 2016/03/08 v2.02 operator names
)
\inf@bad=\count119
LaTeX Info: Redefining \frac on input line 213.
\uproot@=\count120
\leftroot@=\count121
LaTeX Info: Redefining \overline on input line 375.
\classnum@=\count122
\DOTSCASE@=\count123
LaTeX Info: Redefining \ldots on input line 472.
LaTeX Info: Redefining \dots on input line 475.
LaTeX Info: Redefining \cdots on input line 596.
\Mathstrutbox@=\box32
\strutbox@=\box33
\big@size=\dimen139
LaTeX Font Info:    Redeclaring font encoding OML on input line 712.
LaTeX Font Info:    Redeclaring font encoding OMS on input line 713.
\macc@depth=\count124
\c@MaxMatrixCols=\count125
\dotsspace@=\muskip11
\c@parentequation=\count126
\dspbrk@lvl=\count127
\tag@help=\toks24
\row@=\count128
\column@=\count129
\maxfields@=\count130
\andhelp@=\toks25
\eqnshift@=\dimen140
\alignsep@=\dimen141
\tagshift@=\dimen142
\tagwidth@=\dimen143
\totwidth@=\dimen144
\lineht@=\dimen145
\@envbody=\toks26
\multlinegap=\skip67
\multlinetaggap=\skip68
\mathdisplay@stack=\toks27
LaTeX Info: Redefining \[ on input line 2817.
LaTeX Info: Redefining \] on input line 2818.
)
("C:\Users\User\AppData\Local\Programs\MiKTeX 2.9\tex\latex\amsfonts\amssymb.st
y"
Package: amssymb 2013/01/14 v3.01 AMS font symbols
)
("C:\Users\User\AppData\Local\Programs\MiKTeX 2.9\tex\latex\multirow\multirow.s
ty"
Package: multirow 2018/08/03 v2.3 Span multiple rows of a table
\multirow@colwidth=\skip69
\multirow@cntb=\count131
\multirow@dima=\skip70
\bigstrutjot=\dimen146
) ("C:\Users\User\AppData\Local\Programs\MiKTeX 2.9\tex\latex\float\float.sty"
Package: float 2001/11/08 v1.3d Float enhancements (AL)
\c@float@type=\count132
\float@exts=\toks28
\float@box=\box34
\@float@everytoks=\toks29
\@floatcapt=\box35
)
("C:\Users\User\AppData\Local\Programs\MiKTeX 2.9\tex\latex\commath\commath.sty
") ("C:\Users\User\AppData\Local\Programs\MiKTeX 2.9\tex\latex\tools\bm.sty"
Package: bm 2017/01/16 v1.2c Bold Symbol Support (DPC/FMi)
\symboldoperators=\mathgroup6
\symboldletters=\mathgroup7
\symboldsymbols=\mathgroup8
LaTeX Font Info:    Redeclaring math alphabet \mathbf on input line 141.
LaTeX Info: Redefining \bm on input line 207.
)
("C:\Users\User\AppData\Local\Programs\MiKTeX 2.9\tex\latex\xcolor\xcolor.sty"
Package: xcolor 2016/05/11 v2.12 LaTeX color extensions (UK)

("C:\Users\User\AppData\Local\Programs\MiKTeX 2.9\tex\latex\graphics-cfg\color.
cfg"
File: color.cfg 2016/01/02 v1.6 sample color configuration
)
Package xcolor Info: Driver file: pdftex.def on input line 225.

("C:\Users\User\AppData\Local\Programs\MiKTeX 2.9\tex\latex\colortbl\colortbl.s
ty"
Package: colortbl 2018/12/12 v1.0d Color table columns (DPC)
\everycr=\toks30
\minrowclearance=\skip71
)
LaTeX Info: Redefining \color on input line 709.
\rownum=\count133
Package xcolor Info: Model `cmy' substituted by `cmy0' on input line 1348.
Package xcolor Info: Model `hsb' substituted by `rgb' on input line 1352.
Package xcolor Info: Model `RGB' extended on input line 1364.
Package xcolor Info: Model `HTML' substituted by `rgb' on input line 1366.
Package xcolor Info: Model `Hsb' substituted by `hsb' on input line 1367.
Package xcolor Info: Model `tHsb' substituted by `hsb' on input line 1368.
Package xcolor Info: Model `HSB' substituted by `hsb' on input line 1369.
Package xcolor Info: Model `Gray' substituted by `gray' on input line 1370.
Package xcolor Info: Model `wave' substituted by `hsb' on input line 1371.
)
("C:\Users\User\AppData\Local\Programs\MiKTeX 2.9\tex\latex\booktabs\booktabs.s
ty"
Package: booktabs 2005/04/14 v1.61803 publication quality tables
\heavyrulewidth=\dimen147
\lightrulewidth=\dimen148
\cmidrulewidth=\dimen149
\belowrulesep=\dimen150
\belowbottomsep=\dimen151
\aboverulesep=\dimen152
\abovetopsep=\dimen153
\cmidrulesep=\dimen154
\cmidrulekern=\dimen155
\defaultaddspace=\dimen156
\@cmidla=\count134
\@cmidlb=\count135
\@aboverulesep=\dimen157
\@belowrulesep=\dimen158
\@thisruleclass=\count136
\@lastruleclass=\count137
\@thisrulewidth=\dimen159
)
("C:\Users\User\AppData\Local\Programs\MiKTeX 2.9\tex\latex\caption\subcaption.
sty"
Package: subcaption 2018/05/01 v1.1-162 Sub-captions (AR)
\c@subfigure=\count138
\c@subtable=\count139
)
("C:\Users\User\AppData\Local\Programs\MiKTeX 2.9\tex\latex\algorithms\algorith
m.sty"
Package: algorithm 2009/08/24 v0.1 Document Style `algorithm' - floating enviro
nment
\@float@every@algorithm=\toks31
\c@algorithm=\count140
)
("C:\Users\User\AppData\Local\Programs\MiKTeX 2.9\tex\latex\algorithmicx\algpse
udocode.sty"
Package: algpseudocode 

("C:\Users\User\AppData\Local\Programs\MiKTeX 2.9\tex\latex\algorithmicx\algori
thmicx.sty"
Package: algorithmicx 2005/04/27 v1.2 Algorithmicx

Document Style algorithmicx 1.2 - a greatly improved `algorithmic' style
\c@ALG@line=\count141
\c@ALG@rem=\count142
\c@ALG@nested=\count143
\ALG@tlm=\skip72
\ALG@thistlm=\skip73
\c@ALG@Lnr=\count144
\c@ALG@blocknr=\count145
\c@ALG@storecount=\count146
\c@ALG@tmpcounter=\count147
\ALG@tmplength=\skip74
)
Document Style - pseudocode environments for use with the `algorithmicx' style
)
\@glossaryfile=\write3
\openout3 = `tese.glo'.


Writing glossary file tese.glo 
(tese.aux)
\openout1 = `tese.aux'.

LaTeX Font Info:    Checking defaults for OML/cmm/m/it on input line 121.
LaTeX Font Info:    ... okay on input line 121.
LaTeX Font Info:    Checking defaults for T1/cmr/m/n on input line 121.
LaTeX Font Info:    ... okay on input line 121.
LaTeX Font Info:    Checking defaults for OT1/cmr/m/n on input line 121.
LaTeX Font Info:    ... okay on input line 121.
LaTeX Font Info:    Checking defaults for OMS/cmsy/m/n on input line 121.
LaTeX Font Info:    ... okay on input line 121.
LaTeX Font Info:    Checking defaults for OMX/cmex/m/n on input line 121.
LaTeX Font Info:    ... okay on input line 121.
LaTeX Font Info:    Checking defaults for U/cmr/m/n on input line 121.
LaTeX Font Info:    ... okay on input line 121.
LaTeX Font Info:    Checking defaults for PD1/pdf/m/n on input line 121.
LaTeX Font Info:    ... okay on input line 121.
Package lastpage Info: Please have a look at the pageslts package at
(lastpage)             https://www.ctan.org/pkg/pageslts
(lastpage)             ! on input line 121.
Package caption Info: Begin \AtBeginDocument code.
Package caption Info: float package is loaded.
Package caption Info: hyperref package is loaded.
Package caption Info: longtable package is loaded.

("C:\Users\User\AppData\Local\Programs\MiKTeX 2.9\tex\latex\caption\ltcaption.s
ty"
Package: ltcaption 2018/08/26 v1.4-95 longtable captions (AR)
)
Package caption Info: End \AtBeginDocument code.

("C:\Users\User\AppData\Local\Programs\MiKTeX 2.9\tex\context\base\supp-pdf.mki
i"
[Loading MPS to PDF converter (version 2006.09.02).]
\scratchcounter=\count148
\scratchdimen=\dimen160
\scratchbox=\box36
\nofMPsegments=\count149
\nofMParguments=\count150
\everyMPshowfont=\toks32
\MPscratchCnt=\count151
\MPscratchDim=\dimen161
\MPnumerator=\count152
\makeMPintoPDFobject=\count153
\everyMPtoPDFconversion=\toks33
)
("C:\Users\User\AppData\Local\Programs\MiKTeX 2.9\tex\latex\oberdiek\epstopdf-b
ase.sty"
Package: epstopdf-base 2016/05/15 v2.6 Base part for package epstopdf

("C:\Users\User\AppData\Local\Programs\MiKTeX 2.9\tex\latex\oberdiek\grfext.sty
"
Package: grfext 2016/05/16 v1.2 Manage graphics extensions (HO)
)
Package epstopdf-base Info: Redefining graphics rule for `.eps' on input line 4
38.
Package grfext Info: Graphics extension search list:
(grfext)             [.pdf,.png,.jpg,.mps,.jpeg,.jbig2,.jb2,.PDF,.PNG,.JPG,.JPE
G,.JBIG2,.JB2,.eps]
(grfext)             \AppendGraphicsExtensions on input line 456.
)
\AtBeginShipoutBox=\box37
Package hyperref Info: Link coloring ON on input line 121.

("C:\Users\User\AppData\Local\Programs\MiKTeX 2.9\tex\latex\hyperref\nameref.st
y"
Package: nameref 2016/05/21 v2.44 Cross-referencing by name of section

("C:\Users\User\AppData\Local\Programs\MiKTeX 2.9\tex\generic\oberdiek\gettitle
string.sty"
Package: gettitlestring 2016/05/16 v1.5 Cleanup title references (HO)
)
\c@section@level=\count154
)
LaTeX Info: Redefining \ref on input line 121.
LaTeX Info: Redefining \pageref on input line 121.
LaTeX Info: Redefining \nameref on input line 121.
 (tese.out) (tese.out)
\@outlinefile=\write4
\openout4 = `tese.out'.

Package hyperref Info: Anchor `Doc-Start' on input line 121.

*geometry* detected driver: pdftex
*geometry* verbose mode - [ preamble ] result:
* driver: pdftex
* paper: a4paper
* layout: <same size as paper>
* layoutoffset:(h,v)=(0.0pt,0.0pt)
* modes: 
* h-part:(L,W,R)=(85.35826pt, 455.24411pt, 56.9055pt)
* v-part:(T,H,B)=(85.35826pt, 702.78308pt, 56.9055pt)
* \paperwidth=597.50787pt
* \paperheight=845.04684pt
* \textwidth=455.24411pt
* \textheight=702.78308pt
* \oddsidemargin=13.08827pt
* \evensidemargin=13.08827pt
* \topmargin=-17.07156pt
* \headheight=15.93347pt
* \headsep=14.22636pt
* \topskip=12.0pt
* \footskip=35.24373pt
* \marginparwidth=38.0pt
* \marginparsep=7.0pt
* \columnsep=10.0pt
* \skip\footins=10.8pt plus 4.0pt minus 2.0pt
* \hoffset=0.0pt
* \voffset=0.0pt
* \mag=1000
* \@twocolumnfalse
* \@twosidefalse
* \@mparswitchfalse
* \@reversemarginfalse
* (1in=72.27pt=25.4mm, 1cm=28.453pt)

\c@butlastpage=\count155
Package babel Info: Redefining portuges shorthand "|
(babel)             in language  on input line 123.
Package hyperref Info: Anchor `titulo.0' on input line 123.
LaTeX Font Info:    Try loading font information for U+msa on input line 123.
("C:\Users\User\AppData\Local\Programs\MiKTeX 2.9\tex\latex\amsfonts\umsa.fd"
File: umsa.fd 2013/01/14 v3.01 AMS symbols A
)
LaTeX Font Info:    Try loading font information for U+msb on input line 123.

("C:\Users\User\AppData\Local\Programs\MiKTeX 2.9\tex\latex\amsfonts\umsb.fd"
File: umsb.fd 2013/01/14 v3.01 AMS symbols B
)
Package babel Info: Redefining portuges shorthand "|
(babel)             in language  on input line 123.
Package babel Info: Redefining portuges shorthand "|
(babel)             in language  on input line 123.
Package hyperref Info: Anchor `page.i' on input line 123.

[1



{C:/Users/User/AppData/Local/MiKTeX/2.9/pdftex/config/pdftex.map}]
Package babel Info: Redefining portuges shorthand "|
(babel)             in language  on input line 123.
Package hyperref Info: Anchor `cip.0' on input line 123.

Underfull \hbox (badness 10000) in paragraph at lines 123--123

 []

Package babel Info: Redefining portuges shorthand "|
(babel)             in language  on input line 123.
Package babel Info: Redefining portuges shorthand "|
(babel)             in language  on input line 123.
Package hyperref Info: Anchor `page.ii' on input line 123.
[2]
Package babel Info: Redefining portuges shorthand "|
(babel)             in language  on input line 123.
Package hyperref Info: Anchor `aprovacao.0' on input line 123.
Package babel Info: Redefining portuges shorthand "|
(babel)             in language  on input line 123.
Package babel Info: Redefining portuges shorthand "|
(babel)             in language  on input line 123.
Package hyperref Info: Anchor `page.iii' on input line 123.
 [3]
Package babel Info: Redefining portuges shorthand "|
(babel)             in language  on input line 126.
Package hyperref Info: Anchor `dedication.0' on input line 126.

Underfull \hbox (badness 4660) in paragraph at lines 127--128
[]\T1/aer/m/n/12 Aos ami-gos da Gra-du-a-ção e Pós-
 []

Package babel Info: Redefining portuges shorthand "|
(babel)             in language  on input line 128.
Package babel Info: Redefining portuges shorthand "|
(babel)             in language  on input line 128.
Package hyperref Info: Anchor `page.iv' on input line 128.
[4]
Package hyperref Info: Anchor `chapter*.1' on input line 132.
Package babel Info: Redefining portuges shorthand "|
(babel)             in language  on input line 132.
Package hyperref Info: Anchor `acknowledgment.0' on input line 132.
 (Cap0/agradecimentos.tex)
Package babel Info: Redefining portuges shorthand "|
(babel)             in language  on input line 133.
Package babel Info: Redefining portuges shorthand "|
(babel)             in language  on input line 133.
Package hyperref Info: Anchor `page.v' on input line 133.
 [5

]
Package babel Info: Redefining portuges shorthand "|
(babel)             in language  on input line 137.
Package hyperref Info: Anchor `epigrafe.0' on input line 137.
LaTeX Font Info:    Try loading font information for T1+aess on input line 141.


("C:\Users\User\AppData\Local\Programs\MiKTeX 2.9\tex\latex\ae\t1aess.fd"
File: t1aess.fd 1997/11/16 Font definitions for T1/aess.
)
LaTeX Font Info:    Font shape `T1/aess/m/it' in size <12> not available
(Font)              Font shape `T1/aess/m/sl' tried instead on input line 141.
Package babel Info: Redefining portuges shorthand "|
(babel)             in language  on input line 149.
Package babel Info: Redefining portuges shorthand "|
(babel)             in language  on input line 149.
Package hyperref Info: Anchor `page.vi' on input line 149.

[6]
Package hyperref Info: Anchor `chapter*.2' on input line 149.
Package babel Info: Redefining portuges shorthand "|
(babel)             in language  on input line 149.
Package hyperref Info: Anchor `resumo.0' on input line 149.
 (Cap0/resumo.tex)
Package babel Info: Redefining portuges shorthand "|
(babel)             in language  on input line 155.
Package babel Info: Redefining portuges shorthand "|
(babel)             in language  on input line 155.
Package hyperref Info: Anchor `page.vii' on input line 155.
 [7

]
Package hyperref Info: Anchor `chapter*.3' on input line 155.
Package babel Info: Redefining portuges shorthand "|
(babel)             in language  on input line 155.
Package hyperref Info: Anchor `abstract.0' on input line 155.
 (Cap0/abstract.tex)
Package babel Info: Redefining portuges shorthand "|
(babel)             in language  on input line 161.
Package babel Info: Redefining portuges shorthand "|
(babel)             in language  on input line 161.
Package hyperref Info: Anchor `page.viii' on input line 161.
 [8

]
Package hyperref Info: Anchor `chapter*.4' on input line 161.
Package babel Info: Redefining portuges shorthand "|
(babel)             in language  on input line 161.
Package hyperref Info: Anchor `listafiguras.0' on input line 161.
 (tese.lof
Package hyperref Info: Reference (link) `figure.caption.9' on input line 3.
Package hyperref Info: Reference (link) `figure.caption.10' on input line 4.
Package hyperref Info: Reference (link) `figure.caption.11' on input line 5.
Package hyperref Info: Reference (link) `figure.caption.12' on input line 6.
Package hyperref Info: Reference (link) `figure.caption.13' on input line 7.
Package hyperref Info: Reference (link) `figure.caption.14' on input line 9.
Package hyperref Info: Reference (link) `figure.caption.17' on input line 11.
Package hyperref Info: Reference (link) `figure.caption.18' on input line 12.
Package hyperref Info: Reference (link) `figure.caption.19' on input line 13.
Package hyperref Info: Reference (link) `figure.caption.20' on input line 14.
)
\tf@lof=\write5
\openout5 = `tese.lof'.

Package babel Info: Redefining portuges shorthand "|
(babel)             in language  on input line 164.
Package babel Info: Redefining portuges shorthand "|
(babel)             in language  on input line 164.
Package hyperref Info: Anchor `page.ix' on input line 164.
 [9

Package `hyperref' Info: End of reference (link) `figure.caption.9', line 3.
Package `hyperref' Info: End of reference (link) `figure.caption.10', line 4.
Package `hyperref' Info: End of reference (link) `figure.caption.11', line 5.
Package `hyperref' Info: End of reference (link) `figure.caption.12', line 6.
Package `hyperref' Info: End of reference (link) `figure.caption.13', line 7.
Package `hyperref' Info: End of reference (link) `figure.caption.14', line 9.
Package `hyperref' Info: End of reference (link) `figure.caption.17', line 11.
Package `hyperref' Info: End of reference (link) `figure.caption.18', line 12.
Package `hyperref' Info: End of reference (link) `figure.caption.19', line 13.
Package `hyperref' Info: End of reference (link) `figure.caption.20', line 14.
]
Package hyperref Info: Anchor `chapter*.5' on input line 164.
Package babel Info: Redefining portuges shorthand "|
(babel)             in language  on input line 164.
Package hyperref Info: Anchor `listatabelas.0' on input line 164.
 (tese.lot
Package hyperref Info: Reference (link) `table.caption.15' on input line 4.
Package hyperref Info: Reference (link) `table.caption.16' on input line 5.
)
\tf@lot=\write6
\openout6 = `tese.lot'.

Package babel Info: Redefining portuges shorthand "|
(babel)             in language  on input line 167.
Package babel Info: Redefining portuges shorthand "|
(babel)             in language  on input line 167.
Package hyperref Info: Anchor `page.x' on input line 167.

[10

Package `hyperref' Info: End of reference (link) `table.caption.15', line 4.
Package `hyperref' Info: End of reference (link) `table.caption.16', line 5.
]
Package hyperref Info: Anchor `chapter*.6' on input line 167.
Package babel Info: Redefining portuges shorthand "|
(babel)             in language  on input line 167.
Package hyperref Info: Anchor `listaabreviaturas.0' on input line 167.
 (tese.lof)
\tf@lof=\write7
\openout7 = `tese.lof'.

 (Cap0/listaabreviaturas.tex
Package hyperref Info: Anchor `table.0.1' on input line 15.
)
Package babel Info: Redefining portuges shorthand "|
(babel)             in language  on input line 171.
Package babel Info: Redefining portuges shorthand "|
(babel)             in language  on input line 171.
Package hyperref Info: Anchor `page.xi' on input line 171.
 [11

]
Package hyperref Info: Anchor `chapter*.7' on input line 171.
Package babel Info: Redefining portuges shorthand "|
(babel)             in language  on input line 171.
Package hyperref Info: Anchor `listasimbolos.0' on input line 171.
 (tese.lof)
\tf@lof=\write8
\openout8 = `tese.lof'.


(Cap0/listasimbolos.tex
Package hyperref Info: Anchor `table.0.2' on input line 9.
)
Package babel Info: Redefining portuges shorthand "|
(babel)             in language  on input line 175.
Package babel Info: Redefining portuges shorthand "|
(babel)             in language  on input line 175.
Package hyperref Info: Anchor `page.xii' on input line 175.
 [12

]
Package hyperref Info: Anchor `chapter*.8' on input line 175.
Package babel Info: Redefining portuges shorthand "|
(babel)             in language  on input line 175.
Package hyperref Info: Anchor `contents.0' on input line 175.
 (tese.toc
Underfull \hbox (badness 10000) in paragraph at lines 2--2
 []  
 []

Package hyperref Info: Reference (link) `chapter.1' on input line 2.
Package hyperref Info: Reference (link) `section.1.1' on input line 3.
Package hyperref Info: Reference (link) `subsection.1.1.1' on input line 4.
Package hyperref Info: Reference (link) `subsection.1.1.2' on input line 5.
Package hyperref Info: Reference (link) `subsection.1.1.3' on input line 6.
Package hyperref Info: Reference (link) `section.1.2' on input line 7.
Package hyperref Info: Reference (link) `subsection.1.2.1' on input line 8.
Package hyperref Info: Reference (link) `section.1.3' on input line 9.
Package hyperref Info: Reference (link) `section.1.4' on input line 10.
Package hyperref Info: Reference (link) `section.1.5' on input line 11.

Underfull \hbox (badness 10000) in paragraph at lines 12--12
 []  
 []

Package hyperref Info: Reference (link) `chapter.2' on input line 12.
Package hyperref Info: Reference (link) `section.2.1' on input line 13.
Package hyperref Info: Reference (link) `section.2.2' on input line 14.
Package hyperref Info: Reference (link) `subsection.2.2.1' on input line 15.
Package hyperref Info: Reference (link) `section.2.3' on input line 16.
Package hyperref Info: Reference (link) `subsection.2.3.1' on input line 17.
Package hyperref Info: Reference (link) `section.2.4' on input line 18.

Underfull \hbox (badness 10000) in paragraph at lines 19--19
 []  
 []

Package hyperref Info: Reference (link) `chapter.3' on input line 19.
Package hyperref Info: Reference (link) `section.3.1' on input line 20.
Package hyperref Info: Reference (link) `subsection.3.1.1' on input line 21.
Package hyperref Info: Reference (link) `subsection.3.1.2' on input line 30.
Package hyperref Info: Reference (link) `subsection.3.1.3' on input line 33.
Package hyperref Info: Reference (link) `subsection.3.1.4' on input line 34.
Package babel Info: Redefining portuges shorthand "|
(babel)             in language  on input line 35.
Package babel Info: Redefining portuges shorthand "|
(babel)             in language  on input line 35.
Package hyperref Info: Anchor `page.xiii' on input line 35.
[13

Package `hyperref' Info: End of reference (link) `chapter.1', line 2.
Package `hyperref' Info: End of reference (link) `section.1.1', line 3.
Package `hyperref' Info: End of reference (link) `subsection.1.1.1', line 4.
Package `hyperref' Info: End of reference (link) `subsection.1.1.2', line 5.
Package `hyperref' Info: End of reference (link) `subsection.1.1.3', line 6.
Package `hyperref' Info: End of reference (link) `section.1.2', line 7.
Package `hyperref' Info: End of reference (link) `subsection.1.2.1', line 8.
Package `hyperref' Info: End of reference (link) `section.1.3', line 9.
Package `hyperref' Info: End of reference (link) `section.1.4', line 10.
Package `hyperref' Info: End of reference (link) `section.1.5', line 11.
Package `hyperref' Info: End of reference (link) `chapter.2', line 12.
Package `hyperref' Info: End of reference (link) `section.2.1', line 13.
Package `hyperref' Info: End of reference (link) `section.2.2', line 14.
Package `hyperref' Info: End of reference (link) `subsection.2.2.1', line 15.
Package `hyperref' Info: End of reference (link) `section.2.3', line 16.
Package `hyperref' Info: End of reference (link) `subsection.2.3.1', line 17.
Package `hyperref' Info: End of reference (link) `section.2.4', line 18.
Package `hyperref' Info: End of reference (link) `chapter.3', line 19.
Package `hyperref' Info: End of reference (link) `section.3.1', line 20.
Package `hyperref' Info: End of reference (link) `subsection.3.1.1', line 21.
Package `hyperref' Info: End of reference (link) `subsection.3.1.2', line 30.
Package `hyperref' Info: End of reference (link) `subsection.3.1.3', line 33.
]
Package hyperref Info: Reference (link) `section.3.2' on input line 35.
Package hyperref Info: Reference (link) `subsection.3.2.1' on input line 36.
Package hyperref Info: Reference (link) `subsection.3.2.2' on input line 37.
Package hyperref Info: Reference (link) `subsection.3.2.3' on input line 38.
Package hyperref Info: Reference (link) `subsection.3.2.4' on input line 39.
Package hyperref Info: Reference (link) `section.3.3' on input line 44.
Package hyperref Info: Reference (link) `subsection.3.3.1' on input line 45.
Package hyperref Info: Reference (link) `subsection.3.3.2' on input line 48.
Package hyperref Info: Reference (link) `subsection.3.3.3' on input line 49.
Package hyperref Info: Reference (link) `subsection.3.3.4' on input line 51.
Package hyperref Info: Reference (link) `subsection.3.3.5' on input line 52.

Underfull \hbox (badness 10000) in paragraph at lines 57--57
 []  
 []

Package hyperref Info: Reference (link) `chapter.4' on input line 57.

Underfull \hbox (badness 10000) in paragraph at lines 58--58
 []  
 []

Package hyperref Info: Reference (link) `chapter.5' on input line 58.
)
\tf@toc=\write9
\openout9 = `tese.toc'.

Package babel Info: Redefining portuges shorthand "|
(babel)             in language  on input line 177.
Package babel Info: Redefining portuges shorthand "|
(babel)             in language  on input line 177.
Package hyperref Info: Anchor `page.xiv' on input line 177.
 [14
Package `hyperref' Info: End of reference (link) `subsection.3.1.4', line 34.
Package `hyperref' Info: End of reference (link) `section.3.2', line 35.
Package `hyperref' Info: End of reference (link) `subsection.3.2.1', line 36.
Package `hyperref' Info: End of reference (link) `subsection.3.2.2', line 37.
Package `hyperref' Info: End of reference (link) `subsection.3.2.3', line 38.
Package `hyperref' Info: End of reference (link) `subsection.3.2.4', line 39.
Package `hyperref' Info: End of reference (link) `section.3.3', line 44.
Package `hyperref' Info: End of reference (link) `subsection.3.3.1', line 45.
Package `hyperref' Info: End of reference (link) `subsection.3.3.2', line 48.
Package `hyperref' Info: End of reference (link) `subsection.3.3.3', line 49.
Package `hyperref' Info: End of reference (link) `subsection.3.3.4', line 51.
Package `hyperref' Info: End of reference (link) `subsection.3.3.5', line 52.
Package `hyperref' Info: End of reference (link) `chapter.4', line 57.
Package `hyperref' Info: End of reference (link) `chapter.5', line 58.
]
Package hyperref Info: Anchor `chapter.1' on input line 180.

Cap\'{\i }tulo 1.
Package babel Info: Redefining portuges shorthand "|
(babel)             in language  on input line 180.
pdftex: bookmark at 180: {1} {\numberline{1}Introduction} {chapter.1}{0}{toc}
(Cap1/cap1.tex
Package hyperref Info: Anchor `section.1.1' on input line 3.
Package babel Info: Redefining portuges shorthand "|
(babel)             in language  on input line 3.

pdftex: bookmark at 3: {1.1} {\numberline{1.1}Motivation} {section.1.1}{1}{toc}

Package hyperref Info: Anchor `figure.caption.9' on input line 7.
<Cap1/AlphaGo1.png, id=348, 1380.65813pt x 750.55406pt>
File: Cap1/AlphaGo1.png Graphic file (type png)
<use Cap1/AlphaGo1.png>
Package pdftex.def Info: Cap1/AlphaGo1.png  used on input line 9.
(pdftex.def)             Requested size: 455.24411pt x 247.47746pt.
pdftex: bookmark at 10: {1.1} {\numberline{1.1}{\ignorespaces Ke Jie faces Alph
aGo\relax }} {figure.caption.9}{0}{lof}

LaTeX Warning: `h' float specifier changed to `ht'.

Package hyperref Info: Anchor `figure.caption.10' on input line 14.
<Cap1/AlphaGo2.jpg, id=349, 411.5375pt x 231.86626pt>
File: Cap1/AlphaGo2.jpg Graphic file (type jpg)
<use Cap1/AlphaGo2.jpg>
Package pdftex.def Info: Cap1/AlphaGo2.jpg  used on input line 16.
(pdftex.def)             Requested size: 455.24411pt x 256.4936pt.
pdftex: bookmark at 17: {1.2} {\numberline{1.2}{\ignorespaces Ke Jie is ultimat
ely defeated\relax }} {figure.caption.10}{0}{lof}

LaTeX Warning: `h' float specifier changed to `ht'.

Package hyperref Info: Anchor `subsection.1.1.1' on input line 21.
Package babel Info: Redefining portuges shorthand "|
(babel)             in language  on input line 21.
pdftex: bookmark at 21: {1.1.1} {\numberline{1.1.1}AI Super Powers} {subsection
.1.1.1}{2}{toc}
Package hyperref Info: Reference (cite) `cite.AISuperPowers2018' on input line 
23.
Package hyperref Info: Reference (cite) `cite.AISuperPowers2018' on input line 
23.
Package babel Info: Redefining portuges shorthand "|
(babel)             in language  on input line 26.
Package babel Info: Redefining portuges shorthand "|
(babel)             in language  on input line 26.
Package hyperref Info: Anchor `page.15' on input line 26.
[15


Package `hyperref' Info: End of reference (cite) `cite.AISuperPowers2018', line
 23.
Package `hyperref' Info: End of reference (cite) `cite.AISuperPowers2018', line
 23.
]
Package hyperref Info: Reference (cite) `cite.AiSurvey' on input line 27.
Package hyperref Info: Reference (cite) `cite.AiSurvey' on input line 27.
Package hyperref Info: Reference (link) `figure.caption.11' on input line 27.
Package hyperref Info: Anchor `figure.caption.11' on input line 29.
<Cap1/AI_Deloitte.png, id=360, 1011.02719pt x 278.54062pt>
File: Cap1/AI_Deloitte.png Graphic file (type png)
<use Cap1/AI_Deloitte.png>
Package pdftex.def Info: Cap1/AI_Deloitte.png  used on input line 31.
(pdftex.def)             Requested size: 455.24411pt x 125.42287pt.

pdftex: bookmark at 32: {1.3} {\numberline{1.3}{\ignorespaces Distribution of a
nswers of 1,100 candidates from Deloitte's survey about AI in the Enterprise on
 how the technology levered their business production in comparison to their co
mpetitors\relax }} {figure.caption.11}{0}{lof}

LaTeX Warning: `h' float specifier changed to `ht'.

Package hyperref Info: Reference (cite) `cite.PredictionMachines2018' on input 
line 36.
Package hyperref Info: Reference (cite) `cite.PredictionMachines2018' on input 
line 36.
Package hyperref Info: Reference (cite) `cite.FacialRec' on input line 36.
Package hyperref Info: Reference (cite) `cite.FacialRec' on input line 36.
Package hyperref Info: Reference (cite) `cite.Zymergen' on input line 36.
Package hyperref Info: Reference (cite) `cite.Zymergen' on input line 36.
Package hyperref Info: Reference (link) `figure.caption.12' on input line 36.
Package hyperref Info: Reference (cite) `cite.AiSurvey' on input line 36.
Package hyperref Info: Reference (cite) `cite.AiSurvey' on input line 36.
Package babel Info: Redefining portuges shorthand "|
(babel)             in language  on input line 37.
Package babel Info: Redefining portuges shorthand "|
(babel)             in language  on input line 37.
Package hyperref Info: Anchor `page.16' on input line 37.
[16
Package `hyperref' Info: End of reference (cite) `cite.AiSurvey', line 27.
Package `hyperref' Info: End of reference (cite) `cite.AiSurvey', line 27.
Package `hyperref' Info: End of reference (link) `figure.caption.11', line 27.
Package `hyperref' Info: End of reference (cite) `cite.PredictionMachines2018',
 line 36.
Package `hyperref' Info: End of reference (cite) `cite.PredictionMachines2018',
 line 36.
 <./Cap1/AlphaGo1.png>]
Package hyperref Info: Anchor `figure.caption.12' on input line 38.
<Cap1/AI_Deloitte2.png, id=379, 554.82281pt x 636.87938pt>
File: Cap1/AI_Deloitte2.png Graphic file (type png)
<use Cap1/AI_Deloitte2.png>
Package pdftex.def Info: Cap1/AI_Deloitte2.png  used on input line 40.
(pdftex.def)             Requested size: 455.24411pt x 522.57489pt.

pdftex: bookmark at 41: {1.4} {\numberline{1.4}{\ignorespaces How AI brings ben
efit according to the surveyed candidates from Deloitte report\relax }} {figure
.caption.12}{0}{lof}

LaTeX Warning: `h' float specifier changed to `ht'.

Package hyperref Info: Anchor `subsection.1.1.2' on input line 45.
Package babel Info: Redefining portuges shorthand "|
(babel)             in language  on input line 45.
pdftex: bookmark at 45: {1.1.2} {\numberline{1.1.2}Deep Learning Revolution} {s
ubsection.1.1.2}{2}{toc}
Package babel Info: Redefining portuges shorthand "|
(babel)             in language  on input line 48.
Package babel Info: Redefining portuges shorthand "|
(babel)             in language  on input line 48.
Package hyperref Info: Anchor `page.17' on input line 48.
[17
Package `hyperref' Info: End of reference (cite) `cite.FacialRec', line 36.
Package `hyperref' Info: End of reference (cite) `cite.FacialRec', line 36.
Package `hyperref' Info: End of reference (cite) `cite.Zymergen', line 36.
Package `hyperref' Info: End of reference (cite) `cite.Zymergen', line 36.
Package `hyperref' Info: End of reference (link) `figure.caption.12', line 36.
Package `hyperref' Info: End of reference (cite) `cite.AiSurvey', line 36.
Package `hyperref' Info: End of reference (cite) `cite.AiSurvey', line 36.
 <./Cap1/AlphaGo2.jpg> <./Cap1/AI_Deloitte.png>]
Package hyperref Info: Reference (cite) `cite.AISuperPowers2018' on input line 
53.
Package hyperref Info: Reference (cite) `cite.AISuperPowers2018' on input line 
53.
Package hyperref Info: Anchor `subsection.1.1.3' on input line 59.
Package babel Info: Redefining portuges shorthand "|
(babel)             in language  on input line 59.

pdftex: bookmark at 59: {1.1.3} {\numberline{1.1.3}Reinforcement Learning} {sub
section.1.1.3}{2}{toc}
Package hyperref Info: Reference (cite) `cite.PredictionMachines2018' on input 
line 60.
Package hyperref Info: Reference (cite) `cite.PredictionMachines2018' on input 
line 60.
Package babel Info: Redefining portuges shorthand "|
(babel)             in language  on input line 61.
Package babel Info: Redefining portuges shorthand "|
(babel)             in language  on input line 61.
Package hyperref Info: Anchor `page.18' on input line 61.
[18
Package `hyperref' Info: End of reference (cite) `cite.AISuperPowers2018', line
 53.
Package `hyperref' Info: End of reference (cite) `cite.AISuperPowers2018', line
 53.
]
LaTeX Font Info:    Try loading font information for OMS+aer on input line 65.
 ("C:\Users\User\AppData\Local\Programs\MiKTeX 2.9\tex\latex\ae\omsaer.fd"
File: omsaer.fd 1999/12/27
)
LaTeX Font Info:    Font shape `OMS/aer/m/n' in size <12> not available
(Font)              Font shape `OMS/cmsy/m/n' tried instead on input line 65.
Package hyperref Info: Reference (cite) `cite.Resource' on input line 65.
Package hyperref Info: Reference (cite) `cite.Resource' on input line 65.
Package hyperref Info: Reference (cite) `cite.Traffic' on input line 66.
Package hyperref Info: Reference (cite) `cite.Traffic' on input line 66.
Package hyperref Info: Reference (cite) `cite.Chemistry' on input line 67.
Package hyperref Info: Reference (cite) `cite.Chemistry' on input line 67.
Package hyperref Info: Anchor `section.1.2' on input line 70.
Package babel Info: Redefining portuges shorthand "|
(babel)             in language  on input line 70.
pdftex: bookmark at 70: {1.2} {\numberline{1.2}Contextualization} {section.1.2}
{1}{toc}
Package hyperref Info: Reference (cite) `cite.RoboCup' on input line 72.

Package hyperref Warning: Suppressing empty link on input line 72.

Package babel Info: Redefining portuges shorthand "|
(babel)             in language  on input line 76.
Package babel Info: Redefining portuges shorthand "|
(babel)             in language  on input line 76.
Package hyperref Info: Anchor `page.19' on input line 76.
[19
Package `hyperref' Info: End of reference (cite) `cite.PredictionMachines2018',
 line 60.
Package `hyperref' Info: End of reference (cite) `cite.PredictionMachines2018',
 line 60.
Package `hyperref' Info: End of reference (cite) `cite.Resource', line 65.
Package `hyperref' Info: End of reference (cite) `cite.Resource', line 65.
Package `hyperref' Info: End of reference (cite) `cite.Traffic', line 66.
Package `hyperref' Info: End of reference (cite) `cite.Traffic', line 66.
Package `hyperref' Info: End of reference (cite) `cite.Chemistry', line 67.
Package `hyperref' Info: End of reference (cite) `cite.Chemistry', line 67.
Package `hyperref' Info: End of reference (cite) `cite.RoboCup', line 72.
]
Package hyperref Info: Anchor `subsection.1.2.1' on input line 78.
Package babel Info: Redefining portuges shorthand "|
(babel)             in language  on input line 78.

pdftex: bookmark at 78: {1.2.1} {\numberline{1.2.1}Simulated Soccer 2D} {subsec
tion.1.2.1}{2}{toc}
Package hyperref Info: Reference (cite) `cite.RoboCup' on input line 79.

Package hyperref Warning: Suppressing empty link on input line 79.

Package hyperref Info: Anchor `figure.caption.13' on input line 83.
<Cap1/Soccer2D.png, id=414, 752.8125pt x 331.2375pt>
File: Cap1/Soccer2D.png Graphic file (type png)
<use Cap1/Soccer2D.png>
Package pdftex.def Info: Cap1/Soccer2D.png  used on input line 85.
(pdftex.def)             Requested size: 318.66948pt x 140.21556pt.
pdftex: bookmark at 86: {1.5} {\numberline{1.5}{\ignorespaces Simulated Soccer 
2D League\relax }} {figure.caption.13}{0}{lof}

LaTeX Warning: `h' float specifier changed to `ht'.

Package hyperref Info: Anchor `section.1.3' on input line 90.
Package babel Info: Redefining portuges shorthand "|
(babel)             in language  on input line 90.
pdftex: bookmark at 90: {1.3} {\numberline{1.3}Objective} {section.1.3}{1}{toc}

Package hyperref Info: Anchor `section.1.4' on input line 93.
Package babel Info: Redefining portuges shorthand "|
(babel)             in language  on input line 93.
pdftex: bookmark at 93: {1.4} {\numberline{1.4}Scope} {section.1.4}{1}{toc}
Package hyperref Info: Anchor `section.1.5' on input line 96.
Package babel Info: Redefining portuges shorthand "|
(babel)             in language  on input line 96.
pdftex: bookmark at 96: {1.5} {\numberline{1.5}Organization of this work} {sect
ion.1.5}{1}{toc}
Package babel Info: Redefining portuges shorthand "|
(babel)             in language  on input line 99.
Package babel Info: Redefining portuges shorthand "|
(babel)             in language  on input line 99.
Package hyperref Info: Anchor `page.20' on input line 99.
[20
Package `hyperref' Info: End of reference (cite) `cite.RoboCup', line 79.
])
Package babel Info: Redefining portuges shorthand "|
(babel)             in language  on input line 183.
Package babel Info: Redefining portuges shorthand "|
(babel)             in language  on input line 183.
Package hyperref Info: Anchor `page.21' on input line 183.
 [21]
Package babel Info: Redefining portuges shorthand "|
(babel)             in language  on input line 183.
Package babel Info: Redefining portuges shorthand "|
(babel)             in language  on input line 183.
Package hyperref Info: Anchor `page.22' on input line 183.
 [22 <./Cap1/AI_Deloitte2.png>]
Package babel Info: Redefining portuges shorthand "|
(babel)             in language  on input line 183.
Package babel Info: Redefining portuges shorthand "|
(babel)             in language  on input line 183.
Package hyperref Info: Anchor `page.23' on input line 183.
 [23 <./Cap1/Soccer2D.png>]
Package hyperref Info: Anchor `chapter.2' on input line 183.

Cap\'{\i }tulo 2.
Package babel Info: Redefining portuges shorthand "|
(babel)             in language  on input line 183.
pdftex: bookmark at 183: {2} {\numberline{2}Soccer 2D} {chapter.2}{0}{toc}
(Cap2/cap2.tex
Package hyperref Info: Anchor `section.2.1' on input line 2.
Package babel Info: Redefining portuges shorthand "|
(babel)             in language  on input line 2.

pdftex: bookmark at 2: {2.1} {\numberline{2.1}How the Simulator Works} {section
.2.1}{1}{toc}
Package hyperref Info: Anchor `figure.caption.14' on input line 7.
<Cap2/ServerAgent.png, id=433, 1410.26875pt x 1054.94125pt>
File: Cap2/ServerAgent.png Graphic file (type png)
<use Cap2/ServerAgent.png>
Package pdftex.def Info: Cap2/ServerAgent.png  used on input line 9.
(pdftex.def)             Requested size: 273.14923pt x 204.32031pt.
pdftex: bookmark at 10: {2.1} {\numberline{2.1}{\ignorespaces Simple server-age
nt interaction diagram\relax }} {figure.caption.14}{0}{lof}
Package hyperref Info: Anchor `section.2.2' on input line 14.
Package babel Info: Redefining portuges shorthand "|
(babel)             in language  on input line 14.
pdftex: bookmark at 14: {2.2} {\numberline{2.2}Physical model of rcssserver} {s
ection.2.2}{1}{toc}
Package babel Info: Redefining portuges shorthand "|
(babel)             in language  on input line 18.
Package babel Info: Redefining portuges shorthand "|
(babel)             in language  on input line 18.
Package hyperref Info: Anchor `page.24' on input line 18.
[24

 <./Cap2/ServerAgent.png>]
Package hyperref Info: Anchor `subsection.2.2.1' on input line 18.
Package babel Info: Redefining portuges shorthand "|
(babel)             in language  on input line 18.

pdftex: bookmark at 18: {2.2.1} {\numberline{2.2.1}Movement of the object} {sub
section.2.2.1}{2}{toc}
Package hyperref Info: Anchor `Item.1' on input line 24.
Package hyperref Info: Anchor `Item.2' on input line 25.
Package hyperref Info: Anchor `Item.3' on input line 26.
Package hyperref Info: Anchor `Item.4' on input line 27.
Package hyperref Info: Anchor `Item.5' on input line 28.
Package hyperref Info: Anchor `Item.6' on input line 29.
Package hyperref Info: Anchor `Item.7' on input line 30.
Package hyperref Info: Anchor `Item.8' on input line 31.
Package hyperref Info: Anchor `Item.9' on input line 32.
Package hyperref Info: Anchor `section.2.3' on input line 40.
Package babel Info: Redefining portuges shorthand "|
(babel)             in language  on input line 40.
pdftex: bookmark at 40: {2.3} {\numberline{2.3}Player Model} {section.2.3}{1}{t
oc}
Package hyperref Info: Anchor `subsection.2.3.1' on input line 42.
Package babel Info: Redefining portuges shorthand "|
(babel)             in language  on input line 42.
pdftex: bookmark at 42: {2.3.1} {\numberline{2.3.1}Available Action Commands} {
subsection.2.3.1}{2}{toc}
Package hyperref Info: Anchor `table.caption.15' on input line 46.
pdftex: bookmark at 46: {2.1} {\numberline{2.1}{\ignorespaces Agent possible ac
tions\relax }} {table.caption.15}{0}{lot}
Package babel Info: Redefining portuges shorthand "|
(babel)             in language  on input line 66.
Package babel Info: Redefining portuges shorthand "|
(babel)             in language  on input line 66.
Package hyperref Info: Anchor `page.25' on input line 66.
[25]
Package hyperref Info: Anchor `table.caption.16' on input line 68.

pdftex: bookmark at 68: {2.2} {\numberline{2.2}{\ignorespaces Agent possible au
xiliary actions\relax }} {table.caption.16}{0}{lot}
Package hyperref Info: Anchor `section.2.4' on input line 86.
Package babel Info: Redefining portuges shorthand "|
(babel)             in language  on input line 86.
pdftex: bookmark at 86: {2.4} {\numberline{2.4}The Penalty Event} {section.2.4}
{1}{toc}
)
Package babel Info: Redefining portuges shorthand "|
(babel)             in language  on input line 186.
Package babel Info: Redefining portuges shorthand "|
(babel)             in language  on input line 186.
Package hyperref Info: Anchor `page.26' on input line 186.
 [26]
Package hyperref Info: Anchor `chapter.3' on input line 186.

Cap\'{\i }tulo 3.
Package babel Info: Redefining portuges shorthand "|
(babel)             in language  on input line 186.
pdftex: bookmark at 186: {3} {\numberline{3}Deep Reinforcement Learning} {chapt
er.3}{0}{toc}
(Cap3/cap3.tex
Package hyperref Info: Reference (cite) `cite.RFIntroduction' on input line 1.
Package hyperref Info: Reference (cite) `cite.RFIntroduction' on input line 1.
Package hyperref Info: Reference (cite) `cite.UCBerkley' on input line 1.
Package hyperref Info: Reference (cite) `cite.UCBerkley' on input line 1.
Package hyperref Info: Reference (cite) `cite.NNs' on input line 1.
Package hyperref Info: Reference (cite) `cite.NNs' on input line 1.
Package hyperref Info: Anchor `section.3.1' on input line 3.
Package babel Info: Redefining portuges shorthand "|
(babel)             in language  on input line 3.

pdftex: bookmark at 3: {3.1} {\numberline{3.1}Markov Decision Processes} {secti
on.3.1}{1}{toc}
Package babel Info: Redefining portuges shorthand "|
(babel)             in language  on input line 26.
Package babel Info: Redefining portuges shorthand "|
(babel)             in language  on input line 26.
Package hyperref Info: Anchor `page.27' on input line 26.
[27

Package `hyperref' Info: End of reference (cite) `cite.RFIntroduction', line 1.

Package `hyperref' Info: End of reference (cite) `cite.RFIntroduction', line 1.

Package `hyperref' Info: End of reference (cite) `cite.UCBerkley', line 1.
Package `hyperref' Info: End of reference (cite) `cite.UCBerkley', line 1.
Package `hyperref' Info: End of reference (cite) `cite.NNs', line 1.
Package `hyperref' Info: End of reference (cite) `cite.NNs', line 1.
]
Package hyperref Info: Anchor `subsection.3.1.1' on input line 26.
Package babel Info: Redefining portuges shorthand "|
(babel)             in language  on input line 26.

pdftex: bookmark at 26: {3.1.1} {\numberline{3.1.1}Important Concepts} {subsect
ion.3.1.1}{2}{toc}
Package hyperref Info: Anchor `subsubsection.3.1.1.1' on input line 28.
pdftex: bookmark at 28: {3.1.1.1} {\numberline{3.1.1.1}Reward Function} {subsub
section.3.1.1.1}{3}{toc}
Package hyperref Info: Anchor `subsubsection.3.1.1.2' on input line 32.
pdftex: bookmark at 32: {3.1.1.2} {\numberline{3.1.1.2}Transition Function} {su
bsubsection.3.1.1.2}{3}{toc}
Package hyperref Info: Anchor `subsubsection.3.1.1.3' on input line 38.
pdftex: bookmark at 38: {3.1.1.3} {\numberline{3.1.1.3}Discounting} {subsubsect
ion.3.1.1.3}{3}{toc}
Package hyperref Info: Reference (link) `figure.caption.17' on input line 39.
Package hyperref Info: Anchor `figure.caption.17' on input line 41.
<Cap3/Discount.png, id=472, 525.46312pt x 163.3603pt>
File: Cap3/Discount.png Graphic file (type png)
<use Cap3/Discount.png>
Package pdftex.def Info: Cap3/Discount.png  used on input line 43.
(pdftex.def)             Requested size: 455.24411pt x 141.53653pt.
pdftex: bookmark at 44: {3.1} {\numberline{3.1}{\ignorespaces Illustrating of t
he discount factor, image from http://ai.berkeley.edu\relax }} {figure.caption.
17}{0}{lof}
Package hyperref Info: Anchor `subsubsection.3.1.1.4' on input line 50.
pdftex: bookmark at 50: {3.1.1.4} {\numberline{3.1.1.4}Utility} {subsubsection.
3.1.1.4}{3}{toc}
Package hyperref Info: Anchor `equation.3.1.1' on input line 52.
Package babel Info: Redefining portuges shorthand "|
(babel)             in language  on input line 54.
Package babel Info: Redefining portuges shorthand "|
(babel)             in language  on input line 54.
Package hyperref Info: Anchor `page.28' on input line 54.
[28
Package `hyperref' Info: End of reference (link) `figure.caption.17', line 39.
 <./Cap3/Discount.png>]
Package hyperref Info: Anchor `equation.3.1.2' on input line 56.
Package hyperref Info: Anchor `figure.caption.18' on input line 60.
<Cap3/Reward.png, id=481, 391.4625pt x 274.02374pt>
File: Cap3/Reward.png Graphic file (type png)
<use Cap3/Reward.png>
Package pdftex.def Info: Cap3/Reward.png  used on input line 62.
(pdftex.def)             Requested size: 273.14923pt x 191.21321pt.

pdftex: bookmark at 63: {3.2} {\numberline{3.2}{\ignorespaces Illustration of a
 Reward and Utility, image from http://ai.berkeley.edu\relax }} {figure.caption
.18}{0}{lof}
Package hyperref Info: Anchor `subsubsection.3.1.1.5' on input line 67.
pdftex: bookmark at 67: {3.1.1.5} {\numberline{3.1.1.5}Policy} {subsubsection.3
.1.1.5}{3}{toc}
Package hyperref Info: Anchor `figure.caption.19' on input line 71.
<Cap3/Policies.png, id=482, 264.99pt x 144.54pt>
File: Cap3/Policies.png Graphic file (type png)
<use Cap3/Policies.png>
Package pdftex.def Info: Cap3/Policies.png  used on input line 73.
(pdftex.def)             Requested size: 273.14923pt x 149.00134pt.
pdftex: bookmark at 74: {3.3} {\numberline{3.3}{\ignorespaces Illustration of a
 policy, image from http://ai.berkeley.edu\relax }} {figure.caption.19}{0}{lof}

Package hyperref Info: Anchor `subsubsection.3.1.1.6' on input line 78.
pdftex: bookmark at 78: {3.1.1.6} {\numberline{3.1.1.6}Value Function} {subsubs
ection.3.1.1.6}{3}{toc}
Package hyperref Info: Anchor `equation.3.1.3' on input line 80.
Package babel Info: Redefining portuges shorthand "|
(babel)             in language  on input line 82.
Package babel Info: Redefining portuges shorthand "|
(babel)             in language  on input line 82.
Package hyperref Info: Anchor `page.29' on input line 82.
[29 <./Cap3/Reward.png> <./Cap3/Policies.png>]
Package hyperref Info: Anchor `subsubsection.3.1.1.7' on input line 85.

pdftex: bookmark at 85: {3.1.1.7} {\numberline{3.1.1.7}Q-State} {subsubsection.
3.1.1.7}{3}{toc}
Package hyperref Info: Anchor `subsubsection.3.1.1.8' on input line 88.
pdftex: bookmark at 88: {3.1.1.8} {\numberline{3.1.1.8}Action Value Function} {
subsubsection.3.1.1.8}{3}{toc}
Package hyperref Info: Anchor `equation.3.1.4' on input line 90.
Package hyperref Info: Anchor `subsection.3.1.2' on input line 97.
Package babel Info: Redefining portuges shorthand "|
(babel)             in language  on input line 97.
pdftex: bookmark at 97: {3.1.2} {\numberline{3.1.2}The Bellman Equations} {subs
ection.3.1.2}{2}{toc}
Package hyperref Info: Anchor `subsubsection.3.1.2.1' on input line 99.
pdftex: bookmark at 99: {3.1.2.1} {\numberline{3.1.2.1}Optimal Quantities} {sub
subsection.3.1.2.1}{3}{toc}
Package hyperref Info: Anchor `subsubsection.3.1.2.2' on input line 107.
pdftex: bookmark at 107: {3.1.2.2} {\numberline{3.1.2.2}The Equations} {subsubs
ection.3.1.2.2}{3}{toc}
Package hyperref Info: Anchor `equation.3.1.5' on input line 109.
Package hyperref Info: Anchor `equation.3.1.6' on input line 113.
Package hyperref Info: Anchor `subsection.3.1.3' on input line 117.
Package babel Info: Redefining portuges shorthand "|
(babel)             in language  on input line 117.
pdftex: bookmark at 117: {3.1.3} {\numberline{3.1.3}About Solving It} {subsecti
on.3.1.3}{2}{toc}
Package babel Info: Redefining portuges shorthand "|
(babel)             in language  on input line 119.
Package babel Info: Redefining portuges shorthand "|
(babel)             in language  on input line 119.
Package hyperref Info: Anchor `page.30' on input line 119.
[30]
Package hyperref Info: Reference (link) `equation.3.1.7' on input line 122.
Package hyperref Info: Anchor `equation.3.1.7' on input line 123.
Package hyperref Info: Reference (link) `equation.3.1.8' on input line 128.
Package hyperref Info: Anchor `equation.3.1.8' on input line 129.
Package hyperref Info: Anchor `subsection.3.1.4' on input line 133.
Package babel Info: Redefining portuges shorthand "|
(babel)             in language  on input line 133.

pdftex: bookmark at 133: {3.1.4} {\numberline{3.1.4}The Problem With The Tabula
r Solution} {subsection.3.1.4}{2}{toc}
Package hyperref Info: Reference (link) `figure.caption.20' on input line 136.
Package babel Info: Redefining portuges shorthand "|
(babel)             in language  on input line 137.
Package babel Info: Redefining portuges shorthand "|
(babel)             in language  on input line 137.
Package hyperref Info: Anchor `page.31' on input line 137.
[31
Package `hyperref' Info: End of reference (link) `equation.3.1.7', line 122.
Package `hyperref' Info: End of reference (link) `equation.3.1.8', line 128.
]
Package hyperref Info: Anchor `figure.caption.20' on input line 138.
<Cap3/pacman1.png, id=517, 91.542pt x 91.542pt>
File: Cap3/pacman1.png Graphic file (type png)
<use Cap3/pacman1.png>
Package pdftex.def Info: Cap3/pacman1.png  used on input line 141.
(pdftex.def)             Requested size: 182.09833pt x 182.11835pt.
<Cap3/pacman2.png, id=518, 91.542pt x 91.542pt>
File: Cap3/pacman2.png Graphic file (type png)
<use Cap3/pacman2.png>
Package pdftex.def Info: Cap3/pacman2.png  used on input line 147.
(pdftex.def)             Requested size: 182.09833pt x 182.11835pt.

pdftex: bookmark at 151: {3.4} {\numberline{3.4}{\ignorespaces The two Pac-Man 
states are different yet for what it matters they are both states to be avoided
 in equal magnitude.\relax }} {figure.caption.20}{0}{lof}
Package hyperref Info: Anchor `section.3.2' on input line 157.
Package babel Info: Redefining portuges shorthand "|
(babel)             in language  on input line 157.
pdftex: bookmark at 157: {3.2} {\numberline{3.2}Neural Networks} {section.3.2}{
1}{toc}
Package hyperref Info: Anchor `subsection.3.2.1' on input line 162.
Package babel Info: Redefining portuges shorthand "|
(babel)             in language  on input line 162.
pdftex: bookmark at 162: {3.2.1} {\numberline{3.2.1}Neurons} {subsection.3.2.1}
{2}{toc}
Package hyperref Info: Anchor `equation.3.2.9' on input line 165.
Package babel Info: Redefining portuges shorthand "|
(babel)             in language  on input line 167.
Package babel Info: Redefining portuges shorthand "|
(babel)             in language  on input line 167.
Package hyperref Info: Anchor `page.32' on input line 167.
[32
Package `hyperref' Info: End of reference (link) `figure.caption.20', line 136.

 <./Cap3/pacman1.png> <./Cap3/pacman2.png>]
Package hyperref Info: Anchor `equation.3.2.10' on input line 170.
Package hyperref Info: Reference (link) `equation.3.2.9' on input line 173.
Package hyperref Info: Anchor `subsection.3.2.2' on input line 175.
Package babel Info: Redefining portuges shorthand "|
(babel)             in language  on input line 175.

pdftex: bookmark at 175: {3.2.2} {\numberline{3.2.2}The Network} {subsection.3.
2.2}{2}{toc}
Package hyperref Info: Anchor `subsection.3.2.3' on input line 178.
Package babel Info: Redefining portuges shorthand "|
(babel)             in language  on input line 178.
pdftex: bookmark at 178: {3.2.3} {\numberline{3.2.3}Cost Function and Gradient 
Descent} {subsection.3.2.3}{2}{toc}
Package hyperref Info: Anchor `equation.3.2.11' on input line 180.
Package hyperref Info: Anchor `equation.3.2.12' on input line 186.
Package babel Info: Redefining portuges shorthand "|
(babel)             in language  on input line 193.
Package babel Info: Redefining portuges shorthand "|
(babel)             in language  on input line 193.
Package hyperref Info: Anchor `page.33' on input line 193.
[33
Package `hyperref' Info: End of reference (link) `equation.3.2.9', line 173.
]
Package hyperref Info: Anchor `subsection.3.2.4' on input line 193.
Package babel Info: Redefining portuges shorthand "|
(babel)             in language  on input line 193.

pdftex: bookmark at 193: {3.2.4} {\numberline{3.2.4}Back Propagation} {subsecti
on.3.2.4}{2}{toc}
Package hyperref Info: Anchor `subsubsection.3.2.4.1' on input line 196.
pdftex: bookmark at 196: {3.2.4.1} {\numberline{3.2.4.1}Notation} {subsubsectio
n.3.2.4.1}{3}{toc}
Package hyperref Info: Anchor `subsubsection.3.2.4.2' on input line 204.
pdftex: bookmark at 204: {3.2.4.2} {\numberline{3.2.4.2}Neuron Error Definition
} {subsubsection.3.2.4.2}{3}{toc}
Package hyperref Info: Anchor `equation.3.2.13' on input line 206.
Package hyperref Info: Anchor `subsubsection.3.2.4.3' on input line 210.
pdftex: bookmark at 210: {3.2.4.3} {\numberline{3.2.4.3}Back Propagation Equati
ons} {subsubsection.3.2.4.3}{3}{toc}
Package hyperref Info: Reference (link) `equation.3.2.13' on input line 211.
Package hyperref Info: Anchor `equation.3.2.14' on input line 212.
Package hyperref Info: Reference (link) `equation.3.2.14' on input line 216.
Package hyperref Info: Anchor `equation.3.2.15' on input line 217.
Package babel Info: Redefining portuges shorthand "|
(babel)             in language  on input line 217.
Package babel Info: Redefining portuges shorthand "|
(babel)             in language  on input line 217.
Package hyperref Info: Anchor `page.34' on input line 217.
[34
Package `hyperref' Info: End of reference (link) `equation.3.2.13', line 211.
]
Package hyperref Info: Anchor `equation.3.2.16' on input line 223.
Package hyperref Info: Reference (link) `equation.3.2.15' on input line 226.
Package hyperref Info: Reference (link) `equation.3.2.16' on input line 226.
Package hyperref Info: Anchor `equation.3.2.17' on input line 229.
Package hyperref Info: Anchor `equation.3.2.18' on input line 237.
Package hyperref Info: Reference (link) `equation.3.2.15' on input line 241.
Package hyperref Info: Reference (link) `equation.3.2.16' on input line 241.
Package hyperref Info: Reference (link) `equation.3.2.17' on input line 241.
Package hyperref Info: Reference (link) `equation.3.2.18' on input line 241.
Package hyperref Info: Reference (link) `equation.3.2.12' on input line 241.
Package hyperref Info: Anchor `subsubsection.3.2.4.4' on input line 243.

pdftex: bookmark at 243: {3.2.4.4} {\numberline{3.2.4.4}Neural Networks in Rein
forcement Learning} {subsubsection.3.2.4.4}{3}{toc}
Package hyperref Info: Reference (link) `equation.3.2.11' on input line 244.
Package hyperref Info: Anchor `section.3.3' on input line 248.
Package babel Info: Redefining portuges shorthand "|
(babel)             in language  on input line 248.
pdftex: bookmark at 248: {3.3} {\numberline{3.3}Policy Gradient Methods, PPO} {
section.3.3}{1}{toc}
Package babel Info: Redefining portuges shorthand "|
(babel)             in language  on input line 252.
Package babel Info: Redefining portuges shorthand "|
(babel)             in language  on input line 252.
Package hyperref Info: Anchor `page.35' on input line 252.
[35
Package `hyperref' Info: End of reference (link) `equation.3.2.14', line 216.
Package `hyperref' Info: End of reference (link) `equation.3.2.15', line 226.
Package `hyperref' Info: End of reference (link) `equation.3.2.16', line 226.
Package `hyperref' Info: End of reference (link) `equation.3.2.15', line 241.
Package `hyperref' Info: End of reference (link) `equation.3.2.16', line 241.
Package `hyperref' Info: End of reference (link) `equation.3.2.17', line 241.
Package `hyperref' Info: End of reference (link) `equation.3.2.18', line 241.
Package `hyperref' Info: End of reference (link) `equation.3.2.12', line 241.
Package `hyperref' Info: End of reference (link) `equation.3.2.11', line 244.
]
Package hyperref Info: Anchor `subsection.3.3.1' on input line 253.
Package babel Info: Redefining portuges shorthand "|
(babel)             in language  on input line 253.

pdftex: bookmark at 253: {3.3.1} {\numberline{3.3.1}Notation and Concepts} {sub
section.3.3.1}{2}{toc}
Package hyperref Info: Anchor `subsubsection.3.3.1.1' on input line 255.
pdftex: bookmark at 255: {3.3.1.1} {\numberline{3.3.1.1}The parameters $\bm {\t
heta }$} {subsubsection.3.3.1.1}{3}{toc}
Package hyperref Info: Anchor `subsubsection.3.3.1.2' on input line 258.
pdftex: bookmark at 258: {3.3.1.2} {\numberline{3.3.1.2}The Score Function} {su
bsubsection.3.3.1.2}{3}{toc}
Package hyperref Info: Anchor `equation.3.3.19' on input line 261.
Package hyperref Info: Anchor `subsection.3.3.2' on input line 267.
Package babel Info: Redefining portuges shorthand "|
(babel)             in language  on input line 267.
pdftex: bookmark at 267: {3.3.2} {\numberline{3.3.2}Policy Approximation and it
s Advantages} {subsection.3.3.2}{2}{toc}
Package hyperref Info: Anchor `subsection.3.3.3' on input line 277.
Package babel Info: Redefining portuges shorthand "|
(babel)             in language  on input line 277.
pdftex: bookmark at 277: {3.3.3} {\numberline{3.3.3}Policy Gradient Vanilla} {s
ubsection.3.3.3}{2}{toc}
Package hyperref Info: Reference (cite) `cite.RFIntroduction' on input line 278
.
Package hyperref Info: Reference (cite) `cite.RFIntroduction' on input line 278
.
Package hyperref Info: bookmark level for unknown algorithm defaults to 0 on in
put line 281.
pdftex: bookmark at 281: {1} {\numberline{1}{\ignorespaces Policy Gradient Vani
lla\relax }} {algorithm.1}{0}{loa}
Package hyperref Info: Anchor `algorithm.1' on input line 295.
Package babel Info: Redefining portuges shorthand "|
(babel)             in language  on input line 295.
Package babel Info: Redefining portuges shorthand "|
(babel)             in language  on input line 295.
Package hyperref Info: Anchor `page.36' on input line 295.
[36]
Package hyperref Info: Anchor `subsubsection.3.3.3.1' on input line 299.

pdftex: bookmark at 299: {3.3.3.1} {\numberline{3.3.3.1}Issues with the Vanilla
 Version} {subsubsection.3.3.3.1}{3}{toc}
Package hyperref Info: Anchor `subsection.3.3.4' on input line 309.
Package babel Info: Redefining portuges shorthand "|
(babel)             in language  on input line 309.
pdftex: bookmark at 309: {3.3.4} {\numberline{3.3.4}Actor Critic} {subsection.3
.3.4}{2}{toc}
Package hyperref Info: Anchor `equation.3.3.20' on input line 312.
Package hyperref Info: Anchor `equation.3.3.21' on input line 317.
Package babel Info: Redefining portuges shorthand "|
(babel)             in language  on input line 319.
Package babel Info: Redefining portuges shorthand "|
(babel)             in language  on input line 319.
Package hyperref Info: Anchor `page.37' on input line 319.
[37
Package `hyperref' Info: End of reference (cite) `cite.RFIntroduction', line 27
8.
Package `hyperref' Info: End of reference (cite) `cite.RFIntroduction', line 27
8.
]
pdftex: bookmark at 324: {2} {\numberline{2}{\ignorespaces One-Step Actor Criti
c\relax }} {algorithm.2}{0}{loa}
Package hyperref Info: Anchor `algorithm.2' on input line 343.
Package hyperref Info: Anchor `subsection.3.3.5' on input line 345.
Package babel Info: Redefining portuges shorthand "|
(babel)             in language  on input line 345.
pdftex: bookmark at 345: {3.3.5} {\numberline{3.3.5}Proximal Policy Optimizatio
n (PPO)} {subsection.3.3.5}{2}{toc}
Package hyperref Info: Anchor `subsubsection.3.3.5.1' on input line 349.
pdftex: bookmark at 349: {3.3.5.1} {\numberline{3.3.5.1}Replacing the log} {sub
subsection.3.3.5.1}{3}{toc}
Package hyperref Info: Anchor `equation.3.3.22' on input line 351.
Package hyperref Info: Anchor `equation.3.3.23' on input line 355.
Package hyperref Info: Anchor `equation.3.3.24' on input line 359.
Package babel Info: Redefining portuges shorthand "|
(babel)             in language  on input line 361.
Package babel Info: Redefining portuges shorthand "|
(babel)             in language  on input line 361.
Package hyperref Info: Anchor `page.38' on input line 361.
[38]
Package hyperref Info: Anchor `subsubsection.3.3.5.2' on input line 364.

pdftex: bookmark at 364: {3.3.5.2} {\numberline{3.3.5.2}The Clipped Surrogate O
bjective} {subsubsection.3.3.5.2}{3}{toc}
Package hyperref Info: Anchor `equation.3.3.25' on input line 367.
Package hyperref Info: Anchor `subsubsection.3.3.5.3' on input line 371.
pdftex: bookmark at 371: {3.3.5.3} {\numberline{3.3.5.3}The Final Score Functio
n} {subsubsection.3.3.5.3}{3}{toc}
Package hyperref Info: Anchor `equation.3.3.26' on input line 375.
Package hyperref Info: Anchor `subsubsection.3.3.5.4' on input line 381.
pdftex: bookmark at 381: {3.3.5.4} {\numberline{3.3.5.4}Multiple epochs for pol
icy updating} {subsubsection.3.3.5.4}{3}{toc}
pdftex: bookmark at 388: {3} {\numberline{3}{\ignorespaces PPO\relax }} {algori
thm.3}{0}{loa}
LaTeX Font Info:    Try loading font information for T1+aett on input line 391.

("C:\Users\User\AppData\Local\Programs\MiKTeX 2.9\tex\latex\ae\t1aett.fd"
File: t1aett.fd 1997/11/16 Font definitions for T1/aett.
)
Package hyperref Info: Anchor `algorithm.3' on input line 401.
Package babel Info: Redefining portuges shorthand "|
(babel)             in language  on input line 404.
Package babel Info: Redefining portuges shorthand "|
(babel)             in language  on input line 404.
Package hyperref Info: Anchor `page.39' on input line 404.

[39])
Package babel Info: Redefining portuges shorthand "|
(babel)             in language  on input line 189.
Package babel Info: Redefining portuges shorthand "|
(babel)             in language  on input line 189.
Package hyperref Info: Anchor `page.40' on input line 189.
 [40]
Package hyperref Info: Anchor `chapter.4' on input line 189.

Cap\'{\i }tulo 4.
Package babel Info: Redefining portuges shorthand "|
(babel)             in language  on input line 189.
pdftex: bookmark at 189: {4} {\numberline{4}To Do List} {chapter.4}{0}{toc}
(Cap4/cap4.tex
Package hyperref Info: Anchor `Item.10' on input line 7.
Package hyperref Info: Anchor `Item.11' on input line 8.
Package hyperref Info: Anchor `Item.12' on input line 9.
Package hyperref Info: Anchor `Item.13' on input line 10.
) (tese.bbl (tese.brf)
\tf@brf=\write10
\openout10 = `tese.brf'.

Package babel Info: Redefining portuges shorthand "|
(babel)             in language  on input line 3.
Package babel Info: Redefining portuges shorthand "|
(babel)             in language  on input line 3.
Package hyperref Info: Anchor `page.41' on input line 3.
 [41

]
Package hyperref Info: Anchor `chapter*.21' on input line 3.
Package hyperref Info: Anchor `chapter.5' on input line 3.
Package babel Info: Redefining portuges shorthand "|
(babel)             in language  on input line 3.

pdftex: bookmark at 3: {5} {Refer\^encias} {chapter.5}{0}{toc}
Package hyperref Info: Anchor `cite.PredictionMachines2018' on input line 12.
Package hyperref Info: Anchor `cite.Zymergen' on input line 20.
Package hyperref Info: Anchor `cite.AISuperPowers2018' on input line 25.
Package hyperref Info: Anchor `cite.FacialRec' on input line 34.
Package hyperref Info: Anchor `cite.AiSurvey' on input line 43.
Package hyperref Info: Anchor `cite.Resource' on input line 54.
Package hyperref Info: Anchor `cite.NNs' on input line 59.
Package hyperref Info: Anchor `cite.RoboCup' on input line 65.
Package hyperref Info: Anchor `cite.RFIntroduction' on input line 70.
Package hyperref Info: Anchor `cite.UCBerkley' on input line 78.
Package hyperref Info: Anchor `cite.Traffic' on input line 88.
Package babel Info: Redefining portuges shorthand "|
(babel)             in language  on input line 88.
Package babel Info: Redefining portuges shorthand "|
(babel)             in language  on input line 88.
Package hyperref Info: Anchor `page.42' on input line 88.
[42

Package `hyperref' Info: End of reference (link) `equation.3.2.11', line 244.
]
Package hyperref Info: Anchor `cite.Chemistry' on input line 97.
)
Package babel Info: Redefining portuges shorthand "|
(babel)             in language  on input line 227.
Package babel Info: Redefining portuges shorthand "|
(babel)             in language  on input line 227.
Package hyperref Info: Anchor `page.43' on input line 227.
 [43]
\bottommargin=\skip75
\rightmarginn=\skip76
Package babel Info: Redefining portuges shorthand "|
(babel)             in language  on input line 227.
Package hyperref Info: Anchor `bla.0' on input line 227.
 (Cap0/resumo.tex) (Cap0/resumo.tex) (Cap0/resumo.tex)
Overfull \hbox (74.53033pt too wide) in paragraph at lines 227--227
[][] 
 []


AED: lastpage setting LastPage
Package babel Info: Redefining portuges shorthand "|
(babel)             in language  on input line 229.
Package babel Info: Redefining portuges shorthand "|
(babel)             in language  on input line 229.
Package hyperref Info: Anchor `page.44' on input line 229.
[44

]
Package babel Info: Redefining portuges shorthand "|
(babel)             in language  on input line 229.
Package atveryend Info: Empty hook `BeforeClearDocument' on input line 229.
Package atveryend Info: Empty hook `AfterLastShipout' on input line 229.
 (tese.aux)
Package atveryend Info: Executing hook `AtVeryEndDocument' on input line 229.
Package atveryend Info: Executing hook `AtEndAfterFileList' on input line 229.
Package rerunfilecheck Info: File `tese.out' has not changed.
(rerunfilecheck)             Checksum: D909050C2C90E6A8DFE520EC4BFAB29F;3396.
Package rerunfilecheck Info: File `tese.brf' has not changed.
(rerunfilecheck)             Checksum: D41D8CD98F00B204E9800998ECF8427E;0.


LaTeX Warning: Label(s) may have changed. Rerun to get cross-references right.

Package atveryend Info: Empty hook `AtVeryVeryEnd' on input line 229.
 ) 
Here is how much of TeX's memory you used:
 11701 strings out of 492972
 172970 string characters out of 3127066
 295008 words of memory out of 3000000
 14978 multiletter control sequences out of 15000+200000
 65259 words of font info for 130 fonts, out of 3000000 for 9000
 1141 hyphenation exceptions out of 8191
 43i,13n,45p,1223b,563s stack positions out of 5000i,500n,10000p,200000b,50000s
<C:/Users/User/AppData/Local/Programs/MiKTeX 2.9/fonts/type1/public/amsfonts/
cm/cmbsy10.pfb><C:/Users/User/AppData/Local/Programs/MiKTeX 2.9/fonts/type1/pub
lic/amsfonts/cm/cmbx10.pfb><C:/Users/User/AppData/Local/Programs/MiKTeX 2.9/fon
ts/type1/public/amsfonts/cm/cmbx12.pfb><C:/Users/User/AppData/Local/Programs/Mi
KTeX 2.9/fonts/type1/public/amsfonts/cm/cmbx8.pfb><C:/Users/User/AppData/Local/
Programs/MiKTeX 2.9/fonts/type1/public/amsfonts/cm/cmcsc10.pfb><C:/Users/User/A
ppData/Local/Programs/MiKTeX 2.9/fonts/type1/public/amsfonts/cm/cmex10.pfb><C:/
Users/User/AppData/Local/Programs/MiKTeX 2.9/fonts/type1/public/amsfonts/cm/cmm
i10.pfb><C:/Users/User/AppData/Local/Programs/MiKTeX 2.9/fonts/type1/public/ams
fonts/cm/cmmi12.pfb><C:/Users/User/AppData/Local/Programs/MiKTeX 2.9/fonts/type
1/public/amsfonts/cm/cmmi6.pfb><C:/Users/User/AppData/Local/Programs/MiKTeX 2.9
/fonts/type1/public/amsfonts/cm/cmmi7.pfb><C:/Users/User/AppData/Local/Programs
/MiKTeX 2.9/fonts/type1/public/amsfonts/cm/cmmi8.pfb><C:/Users/User/AppData/Loc
al/Programs/MiKTeX 2.9/fonts/type1/public/amsfonts/cm/cmmib10.pfb><C:/Users/Use
r/AppData/Local/Programs/MiKTeX 2.9/fonts/type1/public/amsfonts/cmextra/cmmib6.
pfb><C:/Users/User/AppData/Local/Programs/MiKTeX 2.9/fonts/type1/public/amsfont
s/cmextra/cmmib8.pfb><C:/Users/User/AppData/Local/Programs/MiKTeX 2.9/fonts/typ
e1/public/amsfonts/cm/cmr10.pfb><C:/Users/User/AppData/Local/Programs/MiKTeX 2.
9/fonts/type1/public/amsfonts/cm/cmr12.pfb><C:/Users/User/AppData/Local/Program
s/MiKTeX 2.9/fonts/type1/public/amsfonts/cm/cmr6.pfb><C:/Users/User/AppData/Loc
al/Programs/MiKTeX 2.9/fonts/type1/public/amsfonts/cm/cmr7.pfb><C:/Users/User/A
ppData/Local/Programs/MiKTeX 2.9/fonts/type1/public/amsfonts/cm/cmr8.pfb><C:/Us
ers/User/AppData/Local/Programs/MiKTeX 2.9/fonts/type1/public/amsfonts/cm/cmssi
12.pfb><C:/Users/User/AppData/Local/Programs/MiKTeX 2.9/fonts/type1/public/amsf
onts/cm/cmsy10.pfb><C:/Users/User/AppData/Local/Programs/MiKTeX 2.9/fonts/type1
/public/amsfonts/cm/cmsy6.pfb><C:/Users/User/AppData/Local/Programs/MiKTeX 2.9/
fonts/type1/public/amsfonts/cm/cmsy8.pfb><C:/Users/User/AppData/Local/Programs/
MiKTeX 2.9/fonts/type1/public/amsfonts/cm/cmti12.pfb><C:/Users/User/AppData/Loc
al/Programs/MiKTeX 2.9/fonts/type1/public/amsfonts/cm/cmtt12.pfb><C:/Users/User
/AppData/Local/Programs/MiKTeX 2.9/fonts/type1/public/amsfonts/symbols/msbm10.p
fb>
Output written on tese.pdf (44 pages, 3491722 bytes).
PDF statistics:
 760 PDF objects out of 1000 (max. 8388607)
 193 named destinations out of 1000 (max. 500000)
 456 words of extra memory for PDF output out of 10000 (max. 10000000)

